This is pdfTeX, Version 3.14159265-2.6-1.40.17 (MiKTeX 2.9 64-bit) (preloaded format=pdflatex 2016.11.11)  28 DEC 2016 19:47
entering extended mode
**./refman.tex
(refman.tex
LaTeX2e <2016/03/31> patch level 3
Babel <3.9r> and hyphenation patterns for 75 language(s) loaded.
("C:\Program Files\MiKTeX 2.9\tex\latex\base\book.cls"
Document Class: book 2014/09/29 v1.4h Standard LaTeX document class
("C:\Program Files\MiKTeX 2.9\tex\latex\base\bk10.clo"
File: bk10.clo 2014/09/29 v1.4h Standard LaTeX file (size option)
)
\c@part=\count79
\c@chapter=\count80
\c@section=\count81
\c@subsection=\count82
\c@subsubsection=\count83
\c@paragraph=\count84
\c@subparagraph=\count85
\c@figure=\count86
\c@table=\count87
\abovecaptionskip=\skip41
\belowcaptionskip=\skip42
\bibindent=\dimen102
)
("C:\Program Files\MiKTeX 2.9\tex\latex\base\fixltx2e.sty"
Package: fixltx2e 2015/06/22 v2.0b fixes to LaTeX (obsolete)


Package fixltx2e Warning: fixltx2e is not required with releases after 2015
(fixltx2e)                All fixes are now in the LaTeX kernel.
(fixltx2e)                See the latexrelease package for details.

) ("C:\Program Files\MiKTeX 2.9\tex\latex\tools\calc.sty"
Package: calc 2014/10/28 v4.3 Infix arithmetic (KKT,FJ)
\calc@Acount=\count88
\calc@Bcount=\count89
\calc@Adimen=\dimen103
\calc@Bdimen=\dimen104
\calc@Askip=\skip43
\calc@Bskip=\skip44
LaTeX Info: Redefining \setlength on input line 80.
LaTeX Info: Redefining \addtolength on input line 81.
\calc@Ccount=\count90
\calc@Cskip=\skip45
) (doxygen.sty
Package: doxygen 

("C:\Program Files\MiKTeX 2.9\tex\latex\base\alltt.sty"
Package: alltt 1997/06/16 v2.0g defines alltt environment
)
("C:\Program Files\MiKTeX 2.9\tex\latex\tools\array.sty"
Package: array 2014/10/28 v2.4c Tabular extension package (FMi)
\col@sep=\dimen105
\extrarowheight=\dimen106
\NC@list=\toks14
\extratabsurround=\skip46
\backup@length=\skip47
)
("C:\Program Files\MiKTeX 2.9\tex\latex\float\float.sty"
Package: float 2001/11/08 v1.3d Float enhancements (AL)
\c@float@type=\count91
\float@exts=\toks15
\float@box=\box26
\@float@everytoks=\toks16
\@floatcapt=\box27
)
("C:\Program Files\MiKTeX 2.9\tex\latex\base\ifthen.sty"
Package: ifthen 2014/09/29 v1.1c Standard LaTeX ifthen package (DPC)
)
("C:\Program Files\MiKTeX 2.9\tex\latex\tools\verbatim.sty"
Package: verbatim 2014/10/28 v1.5q LaTeX2e package for verbatim enhancements
\every@verbatim=\toks17
\verbatim@line=\toks18
\verbatim@in@stream=\read1
)
("C:\Program Files\MiKTeX 2.9\tex\latex\xcolor\xcolor.sty"
Package: xcolor 2016/05/11 v2.12 LaTeX color extensions (UK)

("C:\Program Files\MiKTeX 2.9\tex\latex\00miktex\color.cfg"
File: color.cfg 2016/01/02 v1.6 sample color configuration
)
Package xcolor Info: Driver file: pdftex.def on input line 225.

("C:\Program Files\MiKTeX 2.9\tex\latex\graphics-def\pdftex.def"
File: pdftex.def 2016/07/10 v0.06j Graphics/color for pdfTeX

("C:\Program Files\MiKTeX 2.9\tex\generic\oberdiek\infwarerr.sty"
Package: infwarerr 2016/05/16 v1.4 Providing info/warning/error messages (HO)
)
("C:\Program Files\MiKTeX 2.9\tex\generic\oberdiek\ltxcmds.sty"
Package: ltxcmds 2016/05/16 v1.23 LaTeX kernel commands for general use (HO)
)
\Gread@gobject=\count92
)
("C:\Program Files\MiKTeX 2.9\tex\latex\colortbl\colortbl.sty"
Package: colortbl 2012/02/13 v1.0a Color table columns (DPC)
\everycr=\toks19
\minrowclearance=\skip48
)
\rownum=\count93
Package xcolor Info: Model `cmy' substituted by `cmy0' on input line 1348.
Package xcolor Info: Model `hsb' substituted by `rgb' on input line 1352.
Package xcolor Info: Model `RGB' extended on input line 1364.
Package xcolor Info: Model `HTML' substituted by `rgb' on input line 1366.
Package xcolor Info: Model `Hsb' substituted by `hsb' on input line 1367.
Package xcolor Info: Model `tHsb' substituted by `hsb' on input line 1368.
Package xcolor Info: Model `HSB' substituted by `hsb' on input line 1369.
Package xcolor Info: Model `Gray' substituted by `gray' on input line 1370.
Package xcolor Info: Model `wave' substituted by `hsb' on input line 1371.
)
("C:\Program Files\MiKTeX 2.9\tex\latex\tools\longtable.sty"
Package: longtable 2014/10/28 v4.11 Multi-page Table package (DPC)
\LTleft=\skip49
\LTright=\skip50
\LTpre=\skip51
\LTpost=\skip52
\LTchunksize=\count94
\LTcapwidth=\dimen107
\LT@head=\box28
\LT@firsthead=\box29
\LT@foot=\box30
\LT@lastfoot=\box31
\LT@cols=\count95
\LT@rows=\count96
\c@LT@tables=\count97
\c@LT@chunks=\count98
\LT@p@ftn=\toks20
)
("C:\Program Files\MiKTeX 2.9\tex\latex\tabu\tabu.sty"
Package: tabu 2011/02/26 v2.8 - flexible LaTeX tabulars (FC)

("C:\Program Files\MiKTeX 2.9\tex\latex\ltxmisc\varwidth.sty"
Package: varwidth 2009/03/30 ver 0.92;  Variable-width minipages
\@vwid@box=\box32
\sift@deathcycles=\count99
\@vwid@loff=\dimen108
\@vwid@roff=\dimen109
)
\c@taburow=\count100
\tabu@nbcols=\count101
\tabu@cnt=\count102
\tabu@Xcol=\count103
\tabu@alloc=\count104
\tabu@nested=\count105
\tabu@target=\dimen110
\tabu@spreadtarget=\dimen111
\tabu@naturalX=\dimen112
\tabucolX=\dimen113
\tabu@Xsum=\dimen114
\extrarowdepth=\dimen115
\abovetabulinesep=\dimen116
\belowtabulinesep=\dimen117
\tabustrutrule=\dimen118
\tabu@thebody=\toks21
\tabu@footnotes=\toks22
\tabu@box=\box33
\tabu@arstrutbox=\box34
\tabu@hleads=\box35
\tabu@vleads=\box36
\tabu@cellskip=\skip53
)
("C:\Program Files\MiKTeX 2.9\tex\latex\tools\tabularx.sty"
Package: tabularx 2016/02/03 v2.11 `tabularx' package (DPC)
\TX@col@width=\dimen119
\TX@old@table=\dimen120
\TX@old@col=\dimen121
\TX@target=\dimen122
\TX@delta=\dimen123
\TX@cols=\count106
\TX@ftn=\toks23
)
("C:\Program Files\MiKTeX 2.9\tex\latex\multirow\multirow.sty"
\bigstrutjot=\dimen124
)
\xrefbox=\box37
\xreflength=\skip54
)
("C:\Program Files\MiKTeX 2.9\tex\latex\adjustbox\adjustbox.sty"
Package: adjustbox 2012/05/21 v1.0 Adjusting TeX boxes (trim, clip, ...)

("C:\Program Files\MiKTeX 2.9\tex\latex\xkeyval\xkeyval.sty"
Package: xkeyval 2014/12/03 v2.7a package option processing (HA)

("C:\Program Files\MiKTeX 2.9\tex\generic\xkeyval\xkeyval.tex"
("C:\Program Files\MiKTeX 2.9\tex\generic\xkeyval\xkvutils.tex"
\XKV@toks=\toks24
\XKV@tempa@toks=\toks25

("C:\Program Files\MiKTeX 2.9\tex\generic\xkeyval\keyval.tex"))
\XKV@depth=\count107
File: xkeyval.tex 2014/12/03 v2.7a key=value parser (HA)
))
("C:\Program Files\MiKTeX 2.9\tex\latex\adjustbox\adjcalc.sty"
Package: adjcalc 2012/05/16 v1.1 Provides advanced setlength with multiple back
-ends (calc, etex, pgfmath)
)
("C:\Program Files\MiKTeX 2.9\tex\latex\adjustbox\trimclip.sty"
Package: trimclip 2012/05/16 v1.0 Trim and clip general TeX material

("C:\Program Files\MiKTeX 2.9\tex\latex\graphics\graphicx.sty"
Package: graphicx 2014/10/28 v1.0g Enhanced LaTeX Graphics (DPC,SPQR)

("C:\Program Files\MiKTeX 2.9\tex\latex\graphics\graphics.sty"
Package: graphics 2016/07/10 v1.0t Standard LaTeX Graphics (DPC,SPQR)

("C:\Program Files\MiKTeX 2.9\tex\latex\graphics\trig.sty"
Package: trig 2016/01/03 v1.10 sin cos tan (DPC)
)
("C:\Program Files\MiKTeX 2.9\tex\latex\00miktex\graphics.cfg"
File: graphics.cfg 2016/06/04 v1.11 sample graphics configuration
)
Package graphics Info: Driver file: pdftex.def on input line 99.
)
\Gin@req@height=\dimen125
\Gin@req@width=\dimen126
)
("C:\Program Files\MiKTeX 2.9\tex\latex\collectbox\collectbox.sty"
Package: collectbox 2012/05/17 v0.4b Collect macro arguments as boxes
\collectedbox=\box38
)
\tc@llx=\dimen127
\tc@lly=\dimen128
\tc@urx=\dimen129
\tc@ury=\dimen130
Package trimclip Info: Using driver 'tc-pdftex.def'.

("C:\Program Files\MiKTeX 2.9\tex\latex\adjustbox\tc-pdftex.def"
File: tc-pdftex.def 2012/05/13 v1.0 Clipping driver for pdftex
))
\adjbox@Width=\dimen131
\adjbox@Height=\dimen132
\adjbox@Depth=\dimen133
\adjbox@Totalheight=\dimen134

("C:\Program Files\MiKTeX 2.9\tex\latex\ifoddpage\ifoddpage.sty"
Package: ifoddpage 2016/04/23 v1.1 Conditionals for odd/even page detection
\c@checkoddpage=\count108
))
("C:\Program Files\MiKTeX 2.9\tex\latex\base\inputenc.sty"
Package: inputenc 2015/03/17 v1.2c Input encoding file
\inpenc@prehook=\toks26
\inpenc@posthook=\toks27

("C:\Program Files\MiKTeX 2.9\tex\latex\base\utf8.def"
File: utf8.def 2016/02/28 v1.1s UTF-8 support for inputenc
Now handling font encoding OML ...
... no UTF-8 mapping file for font encoding OML
Now handling font encoding T1 ...
... processing UTF-8 mapping file for font encoding T1

("C:\Program Files\MiKTeX 2.9\tex\latex\base\t1enc.dfu"
File: t1enc.dfu 2016/02/28 v1.1s UTF-8 support for inputenc
   defining Unicode char U+00A0 (decimal 160)
   defining Unicode char U+00A1 (decimal 161)
   defining Unicode char U+00A3 (decimal 163)
   defining Unicode char U+00AB (decimal 171)
   defining Unicode char U+00AD (decimal 173)
   defining Unicode char U+00BB (decimal 187)
   defining Unicode char U+00BF (decimal 191)
   defining Unicode char U+00C0 (decimal 192)
   defining Unicode char U+00C1 (decimal 193)
   defining Unicode char U+00C2 (decimal 194)
   defining Unicode char U+00C3 (decimal 195)
   defining Unicode char U+00C4 (decimal 196)
   defining Unicode char U+00C5 (decimal 197)
   defining Unicode char U+00C6 (decimal 198)
   defining Unicode char U+00C7 (decimal 199)
   defining Unicode char U+00C8 (decimal 200)
   defining Unicode char U+00C9 (decimal 201)
   defining Unicode char U+00CA (decimal 202)
   defining Unicode char U+00CB (decimal 203)
   defining Unicode char U+00CC (decimal 204)
   defining Unicode char U+00CD (decimal 205)
   defining Unicode char U+00CE (decimal 206)
   defining Unicode char U+00CF (decimal 207)
   defining Unicode char U+00D0 (decimal 208)
   defining Unicode char U+00D1 (decimal 209)
   defining Unicode char U+00D2 (decimal 210)
   defining Unicode char U+00D3 (decimal 211)
   defining Unicode char U+00D4 (decimal 212)
   defining Unicode char U+00D5 (decimal 213)
   defining Unicode char U+00D6 (decimal 214)
   defining Unicode char U+00D8 (decimal 216)
   defining Unicode char U+00D9 (decimal 217)
   defining Unicode char U+00DA (decimal 218)
   defining Unicode char U+00DB (decimal 219)
   defining Unicode char U+00DC (decimal 220)
   defining Unicode char U+00DD (decimal 221)
   defining Unicode char U+00DE (decimal 222)
   defining Unicode char U+00DF (decimal 223)
   defining Unicode char U+00E0 (decimal 224)
   defining Unicode char U+00E1 (decimal 225)
   defining Unicode char U+00E2 (decimal 226)
   defining Unicode char U+00E3 (decimal 227)
   defining Unicode char U+00E4 (decimal 228)
   defining Unicode char U+00E5 (decimal 229)
   defining Unicode char U+00E6 (decimal 230)
   defining Unicode char U+00E7 (decimal 231)
   defining Unicode char U+00E8 (decimal 232)
   defining Unicode char U+00E9 (decimal 233)
   defining Unicode char U+00EA (decimal 234)
   defining Unicode char U+00EB (decimal 235)
   defining Unicode char U+00EC (decimal 236)
   defining Unicode char U+00ED (decimal 237)
   defining Unicode char U+00EE (decimal 238)
   defining Unicode char U+00EF (decimal 239)
   defining Unicode char U+00F0 (decimal 240)
   defining Unicode char U+00F1 (decimal 241)
   defining Unicode char U+00F2 (decimal 242)
   defining Unicode char U+00F3 (decimal 243)
   defining Unicode char U+00F4 (decimal 244)
   defining Unicode char U+00F5 (decimal 245)
   defining Unicode char U+00F6 (decimal 246)
   defining Unicode char U+00F8 (decimal 248)
   defining Unicode char U+00F9 (decimal 249)
   defining Unicode char U+00FA (decimal 250)
   defining Unicode char U+00FB (decimal 251)
   defining Unicode char U+00FC (decimal 252)
   defining Unicode char U+00FD (decimal 253)
   defining Unicode char U+00FE (decimal 254)
   defining Unicode char U+00FF (decimal 255)
   defining Unicode char U+0100 (decimal 256)
   defining Unicode char U+0101 (decimal 257)
   defining Unicode char U+0102 (decimal 258)
   defining Unicode char U+0103 (decimal 259)
   defining Unicode char U+0104 (decimal 260)
   defining Unicode char U+0105 (decimal 261)
   defining Unicode char U+0106 (decimal 262)
   defining Unicode char U+0107 (decimal 263)
   defining Unicode char U+0108 (decimal 264)
   defining Unicode char U+0109 (decimal 265)
   defining Unicode char U+010A (decimal 266)
   defining Unicode char U+010B (decimal 267)
   defining Unicode char U+010C (decimal 268)
   defining Unicode char U+010D (decimal 269)
   defining Unicode char U+010E (decimal 270)
   defining Unicode char U+010F (decimal 271)
   defining Unicode char U+0110 (decimal 272)
   defining Unicode char U+0111 (decimal 273)
   defining Unicode char U+0112 (decimal 274)
   defining Unicode char U+0113 (decimal 275)
   defining Unicode char U+0114 (decimal 276)
   defining Unicode char U+0115 (decimal 277)
   defining Unicode char U+0116 (decimal 278)
   defining Unicode char U+0117 (decimal 279)
   defining Unicode char U+0118 (decimal 280)
   defining Unicode char U+0119 (decimal 281)
   defining Unicode char U+011A (decimal 282)
   defining Unicode char U+011B (decimal 283)
   defining Unicode char U+011C (decimal 284)
   defining Unicode char U+011D (decimal 285)
   defining Unicode char U+011E (decimal 286)
   defining Unicode char U+011F (decimal 287)
   defining Unicode char U+0120 (decimal 288)
   defining Unicode char U+0121 (decimal 289)
   defining Unicode char U+0122 (decimal 290)
   defining Unicode char U+0123 (decimal 291)
   defining Unicode char U+0124 (decimal 292)
   defining Unicode char U+0125 (decimal 293)
   defining Unicode char U+0128 (decimal 296)
   defining Unicode char U+0129 (decimal 297)
   defining Unicode char U+012A (decimal 298)
   defining Unicode char U+012B (decimal 299)
   defining Unicode char U+012C (decimal 300)
   defining Unicode char U+012D (decimal 301)
   defining Unicode char U+012E (decimal 302)
   defining Unicode char U+012F (decimal 303)
   defining Unicode char U+0130 (decimal 304)
   defining Unicode char U+0131 (decimal 305)
   defining Unicode char U+0132 (decimal 306)
   defining Unicode char U+0133 (decimal 307)
   defining Unicode char U+0134 (decimal 308)
   defining Unicode char U+0135 (decimal 309)
   defining Unicode char U+0136 (decimal 310)
   defining Unicode char U+0137 (decimal 311)
   defining Unicode char U+0139 (decimal 313)
   defining Unicode char U+013A (decimal 314)
   defining Unicode char U+013B (decimal 315)
   defining Unicode char U+013C (decimal 316)
   defining Unicode char U+013D (decimal 317)
   defining Unicode char U+013E (decimal 318)
   defining Unicode char U+0141 (decimal 321)
   defining Unicode char U+0142 (decimal 322)
   defining Unicode char U+0143 (decimal 323)
   defining Unicode char U+0144 (decimal 324)
   defining Unicode char U+0145 (decimal 325)
   defining Unicode char U+0146 (decimal 326)
   defining Unicode char U+0147 (decimal 327)
   defining Unicode char U+0148 (decimal 328)
   defining Unicode char U+014A (decimal 330)
   defining Unicode char U+014B (decimal 331)
   defining Unicode char U+014C (decimal 332)
   defining Unicode char U+014D (decimal 333)
   defining Unicode char U+014E (decimal 334)
   defining Unicode char U+014F (decimal 335)
   defining Unicode char U+0150 (decimal 336)
   defining Unicode char U+0151 (decimal 337)
   defining Unicode char U+0152 (decimal 338)
   defining Unicode char U+0153 (decimal 339)
   defining Unicode char U+0154 (decimal 340)
   defining Unicode char U+0155 (decimal 341)
   defining Unicode char U+0156 (decimal 342)
   defining Unicode char U+0157 (decimal 343)
   defining Unicode char U+0158 (decimal 344)
   defining Unicode char U+0159 (decimal 345)
   defining Unicode char U+015A (decimal 346)
   defining Unicode char U+015B (decimal 347)
   defining Unicode char U+015C (decimal 348)
   defining Unicode char U+015D (decimal 349)
   defining Unicode char U+015E (decimal 350)
   defining Unicode char U+015F (decimal 351)
   defining Unicode char U+0160 (decimal 352)
   defining Unicode char U+0161 (decimal 353)
   defining Unicode char U+0162 (decimal 354)
   defining Unicode char U+0163 (decimal 355)
   defining Unicode char U+0164 (decimal 356)
   defining Unicode char U+0165 (decimal 357)
   defining Unicode char U+0168 (decimal 360)
   defining Unicode char U+0169 (decimal 361)
   defining Unicode char U+016A (decimal 362)
   defining Unicode char U+016B (decimal 363)
   defining Unicode char U+016C (decimal 364)
   defining Unicode char U+016D (decimal 365)
   defining Unicode char U+016E (decimal 366)
   defining Unicode char U+016F (decimal 367)
   defining Unicode char U+0170 (decimal 368)
   defining Unicode char U+0171 (decimal 369)
   defining Unicode char U+0172 (decimal 370)
   defining Unicode char U+0173 (decimal 371)
   defining Unicode char U+0174 (decimal 372)
   defining Unicode char U+0175 (decimal 373)
   defining Unicode char U+0176 (decimal 374)
   defining Unicode char U+0177 (decimal 375)
   defining Unicode char U+0178 (decimal 376)
   defining Unicode char U+0179 (decimal 377)
   defining Unicode char U+017A (decimal 378)
   defining Unicode char U+017B (decimal 379)
   defining Unicode char U+017C (decimal 380)
   defining Unicode char U+017D (decimal 381)
   defining Unicode char U+017E (decimal 382)
   defining Unicode char U+01CD (decimal 461)
   defining Unicode char U+01CE (decimal 462)
   defining Unicode char U+01CF (decimal 463)
   defining Unicode char U+01D0 (decimal 464)
   defining Unicode char U+01D1 (decimal 465)
   defining Unicode char U+01D2 (decimal 466)
   defining Unicode char U+01D3 (decimal 467)
   defining Unicode char U+01D4 (decimal 468)
   defining Unicode char U+01E2 (decimal 482)
   defining Unicode char U+01E3 (decimal 483)
   defining Unicode char U+01E6 (decimal 486)
   defining Unicode char U+01E7 (decimal 487)
   defining Unicode char U+01E8 (decimal 488)
   defining Unicode char U+01E9 (decimal 489)
   defining Unicode char U+01EA (decimal 490)
   defining Unicode char U+01EB (decimal 491)
   defining Unicode char U+01F0 (decimal 496)
   defining Unicode char U+01F4 (decimal 500)
   defining Unicode char U+01F5 (decimal 501)
   defining Unicode char U+0218 (decimal 536)
   defining Unicode char U+0219 (decimal 537)
   defining Unicode char U+021A (decimal 538)
   defining Unicode char U+021B (decimal 539)
   defining Unicode char U+1E02 (decimal 7682)
   defining Unicode char U+1E03 (decimal 7683)
   defining Unicode char U+200C (decimal 8204)
   defining Unicode char U+2010 (decimal 8208)
   defining Unicode char U+2011 (decimal 8209)
   defining Unicode char U+2012 (decimal 8210)
   defining Unicode char U+2013 (decimal 8211)
   defining Unicode char U+2014 (decimal 8212)
   defining Unicode char U+2015 (decimal 8213)
   defining Unicode char U+2018 (decimal 8216)
   defining Unicode char U+2019 (decimal 8217)
   defining Unicode char U+201A (decimal 8218)
   defining Unicode char U+201C (decimal 8220)
   defining Unicode char U+201D (decimal 8221)
   defining Unicode char U+201E (decimal 8222)
   defining Unicode char U+2030 (decimal 8240)
   defining Unicode char U+2031 (decimal 8241)
   defining Unicode char U+2039 (decimal 8249)
   defining Unicode char U+203A (decimal 8250)
   defining Unicode char U+2423 (decimal 9251)
)
Now handling font encoding OT1 ...
... processing UTF-8 mapping file for font encoding OT1

("C:\Program Files\MiKTeX 2.9\tex\latex\base\ot1enc.dfu"
File: ot1enc.dfu 2016/02/28 v1.1s UTF-8 support for inputenc
   defining Unicode char U+00A0 (decimal 160)
   defining Unicode char U+00A1 (decimal 161)
   defining Unicode char U+00A3 (decimal 163)
   defining Unicode char U+00AD (decimal 173)
   defining Unicode char U+00B8 (decimal 184)
   defining Unicode char U+00BF (decimal 191)
   defining Unicode char U+00C5 (decimal 197)
   defining Unicode char U+00C6 (decimal 198)
   defining Unicode char U+00D8 (decimal 216)
   defining Unicode char U+00DF (decimal 223)
   defining Unicode char U+00E6 (decimal 230)
   defining Unicode char U+00EC (decimal 236)
   defining Unicode char U+00ED (decimal 237)
   defining Unicode char U+00EE (decimal 238)
   defining Unicode char U+00EF (decimal 239)
   defining Unicode char U+00F8 (decimal 248)
   defining Unicode char U+0131 (decimal 305)
   defining Unicode char U+0141 (decimal 321)
   defining Unicode char U+0142 (decimal 322)
   defining Unicode char U+0152 (decimal 338)
   defining Unicode char U+0153 (decimal 339)
   defining Unicode char U+0174 (decimal 372)
   defining Unicode char U+0175 (decimal 373)
   defining Unicode char U+0176 (decimal 374)
   defining Unicode char U+0177 (decimal 375)
   defining Unicode char U+0218 (decimal 536)
   defining Unicode char U+0219 (decimal 537)
   defining Unicode char U+021A (decimal 538)
   defining Unicode char U+021B (decimal 539)
   defining Unicode char U+2013 (decimal 8211)
   defining Unicode char U+2014 (decimal 8212)
   defining Unicode char U+2018 (decimal 8216)
   defining Unicode char U+2019 (decimal 8217)
   defining Unicode char U+201C (decimal 8220)
   defining Unicode char U+201D (decimal 8221)
)
Now handling font encoding OMS ...
... processing UTF-8 mapping file for font encoding OMS

("C:\Program Files\MiKTeX 2.9\tex\latex\base\omsenc.dfu"
File: omsenc.dfu 2016/02/28 v1.1s UTF-8 support for inputenc
   defining Unicode char U+00A7 (decimal 167)
   defining Unicode char U+00B6 (decimal 182)
   defining Unicode char U+00B7 (decimal 183)
   defining Unicode char U+2020 (decimal 8224)
   defining Unicode char U+2021 (decimal 8225)
   defining Unicode char U+2022 (decimal 8226)
)
Now handling font encoding OMX ...
... no UTF-8 mapping file for font encoding OMX
Now handling font encoding U ...
... no UTF-8 mapping file for font encoding U
   defining Unicode char U+00A9 (decimal 169)
   defining Unicode char U+00AA (decimal 170)
   defining Unicode char U+00AE (decimal 174)
   defining Unicode char U+00BA (decimal 186)
   defining Unicode char U+02C6 (decimal 710)
   defining Unicode char U+02DC (decimal 732)
   defining Unicode char U+200C (decimal 8204)
   defining Unicode char U+2026 (decimal 8230)
   defining Unicode char U+2122 (decimal 8482)
   defining Unicode char U+2423 (decimal 9251)
))
("C:\Program Files\MiKTeX 2.9\tex\latex\base\makeidx.sty"
Package: makeidx 2014/09/29 v1.0m Standard LaTeX package
)
("C:\Program Files\MiKTeX 2.9\tex\latex\tools\multicol.sty"
Package: multicol 2016/04/07 v1.8p multicolumn formatting (FMi)
\c@tracingmulticols=\count109
\mult@box=\box39
\multicol@leftmargin=\dimen135
\c@unbalance=\count110
\c@collectmore=\count111
\doublecol@number=\count112
\multicoltolerance=\count113
\multicolpretolerance=\count114
\full@width=\dimen136
\page@free=\dimen137
\premulticols=\dimen138
\postmulticols=\dimen139
\multicolsep=\skip55
\multicolbaselineskip=\skip56
\partial@page=\box40
\last@line=\box41
\maxbalancingoverflow=\dimen140
\mult@rightbox=\box42
\mult@grightbox=\box43
\mult@gfirstbox=\box44
\mult@firstbox=\box45
\@tempa=\box46
\@tempa=\box47
\@tempa=\box48
\@tempa=\box49
\@tempa=\box50
\@tempa=\box51
\@tempa=\box52
\@tempa=\box53
\@tempa=\box54
\@tempa=\box55
\@tempa=\box56
\@tempa=\box57
\@tempa=\box58
\@tempa=\box59
\@tempa=\box60
\@tempa=\box61
\@tempa=\box62
\c@columnbadness=\count115
\c@finalcolumnbadness=\count116
\last@try=\dimen141
\multicolovershoot=\dimen142
\multicolundershoot=\dimen143
\mult@nat@firstbox=\box63
\colbreak@box=\box64
\mc@col@check@num=\count117
)
("C:\Program Files\MiKTeX 2.9\tex\latex\base\textcomp.sty"
Package: textcomp 2016/06/19 v1.99m Standard LaTeX package
Package textcomp Info: Sub-encoding information:
(textcomp)               5 = only ISO-Adobe without \textcurrency
(textcomp)               4 = 5 + \texteuro
(textcomp)               3 = 4 + \textohm
(textcomp)               2 = 3 + \textestimated + \textcurrency
(textcomp)               1 = TS1 - \textcircled - \t
(textcomp)               0 = TS1 (full)
(textcomp)             Font families with sub-encoding setting implement
(textcomp)             only a restricted character set as indicated.
(textcomp)             Family '?' is the default used for unknown fonts.
(textcomp)             See the documentation for details.
Package textcomp Info: Setting ? sub-encoding to TS1/1 on input line 79.

("C:\Program Files\MiKTeX 2.9\tex\latex\base\ts1enc.def"
File: ts1enc.def 2001/06/05 v3.0e (jk/car/fm) Standard LaTeX file
Now handling font encoding TS1 ...
... processing UTF-8 mapping file for font encoding TS1

("C:\Program Files\MiKTeX 2.9\tex\latex\base\ts1enc.dfu"
File: ts1enc.dfu 2016/02/28 v1.1s UTF-8 support for inputenc
   defining Unicode char U+00A2 (decimal 162)
   defining Unicode char U+00A3 (decimal 163)
   defining Unicode char U+00A4 (decimal 164)
   defining Unicode char U+00A5 (decimal 165)
   defining Unicode char U+00A6 (decimal 166)
   defining Unicode char U+00A7 (decimal 167)
   defining Unicode char U+00A8 (decimal 168)
   defining Unicode char U+00A9 (decimal 169)
   defining Unicode char U+00AA (decimal 170)
   defining Unicode char U+00AC (decimal 172)
   defining Unicode char U+00AE (decimal 174)
   defining Unicode char U+00AF (decimal 175)
   defining Unicode char U+00B0 (decimal 176)
   defining Unicode char U+00B1 (decimal 177)
   defining Unicode char U+00B2 (decimal 178)
   defining Unicode char U+00B3 (decimal 179)
   defining Unicode char U+00B4 (decimal 180)
   defining Unicode char U+00B5 (decimal 181)
   defining Unicode char U+00B6 (decimal 182)
   defining Unicode char U+00B7 (decimal 183)
   defining Unicode char U+00B9 (decimal 185)
   defining Unicode char U+00BA (decimal 186)
   defining Unicode char U+00BC (decimal 188)
   defining Unicode char U+00BD (decimal 189)
   defining Unicode char U+00BE (decimal 190)
   defining Unicode char U+00D7 (decimal 215)
   defining Unicode char U+00F7 (decimal 247)
   defining Unicode char U+0192 (decimal 402)
   defining Unicode char U+02C7 (decimal 711)
   defining Unicode char U+02D8 (decimal 728)
   defining Unicode char U+02DD (decimal 733)
   defining Unicode char U+0E3F (decimal 3647)
   defining Unicode char U+2016 (decimal 8214)
   defining Unicode char U+2020 (decimal 8224)
   defining Unicode char U+2021 (decimal 8225)
   defining Unicode char U+2022 (decimal 8226)
   defining Unicode char U+2030 (decimal 8240)
   defining Unicode char U+2031 (decimal 8241)
   defining Unicode char U+203B (decimal 8251)
   defining Unicode char U+203D (decimal 8253)
   defining Unicode char U+2044 (decimal 8260)
   defining Unicode char U+204E (decimal 8270)
   defining Unicode char U+2052 (decimal 8274)
   defining Unicode char U+20A1 (decimal 8353)
   defining Unicode char U+20A4 (decimal 8356)
   defining Unicode char U+20A6 (decimal 8358)
   defining Unicode char U+20A9 (decimal 8361)
   defining Unicode char U+20AB (decimal 8363)
   defining Unicode char U+20AC (decimal 8364)
   defining Unicode char U+20B1 (decimal 8369)
   defining Unicode char U+2103 (decimal 8451)
   defining Unicode char U+2116 (decimal 8470)
   defining Unicode char U+2117 (decimal 8471)
   defining Unicode char U+211E (decimal 8478)
   defining Unicode char U+2120 (decimal 8480)
   defining Unicode char U+2122 (decimal 8482)
   defining Unicode char U+2126 (decimal 8486)
   defining Unicode char U+2127 (decimal 8487)
   defining Unicode char U+212E (decimal 8494)
   defining Unicode char U+2190 (decimal 8592)
   defining Unicode char U+2191 (decimal 8593)
   defining Unicode char U+2192 (decimal 8594)
   defining Unicode char U+2193 (decimal 8595)
   defining Unicode char U+2329 (decimal 9001)
   defining Unicode char U+232A (decimal 9002)
   defining Unicode char U+2422 (decimal 9250)
   defining Unicode char U+25E6 (decimal 9702)
   defining Unicode char U+25EF (decimal 9711)
   defining Unicode char U+266A (decimal 9834)
))
LaTeX Info: Redefining \oldstylenums on input line 334.
Package textcomp Info: Setting cmr sub-encoding to TS1/0 on input line 349.
Package textcomp Info: Setting cmss sub-encoding to TS1/0 on input line 350.
Package textcomp Info: Setting cmtt sub-encoding to TS1/0 on input line 351.
Package textcomp Info: Setting cmvtt sub-encoding to TS1/0 on input line 352.
Package textcomp Info: Setting cmbr sub-encoding to TS1/0 on input line 353.
Package textcomp Info: Setting cmtl sub-encoding to TS1/0 on input line 354.
Package textcomp Info: Setting ccr sub-encoding to TS1/0 on input line 355.
Package textcomp Info: Setting ptm sub-encoding to TS1/4 on input line 356.
Package textcomp Info: Setting pcr sub-encoding to TS1/4 on input line 357.
Package textcomp Info: Setting phv sub-encoding to TS1/4 on input line 358.
Package textcomp Info: Setting ppl sub-encoding to TS1/3 on input line 359.
Package textcomp Info: Setting pag sub-encoding to TS1/4 on input line 360.
Package textcomp Info: Setting pbk sub-encoding to TS1/4 on input line 361.
Package textcomp Info: Setting pnc sub-encoding to TS1/4 on input line 362.
Package textcomp Info: Setting pzc sub-encoding to TS1/4 on input line 363.
Package textcomp Info: Setting bch sub-encoding to TS1/4 on input line 364.
Package textcomp Info: Setting put sub-encoding to TS1/5 on input line 365.
Package textcomp Info: Setting uag sub-encoding to TS1/5 on input line 366.
Package textcomp Info: Setting ugq sub-encoding to TS1/5 on input line 367.
Package textcomp Info: Setting ul8 sub-encoding to TS1/4 on input line 368.
Package textcomp Info: Setting ul9 sub-encoding to TS1/4 on input line 369.
Package textcomp Info: Setting augie sub-encoding to TS1/5 on input line 370.
Package textcomp Info: Setting dayrom sub-encoding to TS1/3 on input line 371.
Package textcomp Info: Setting dayroms sub-encoding to TS1/3 on input line 372.

Package textcomp Info: Setting pxr sub-encoding to TS1/0 on input line 373.
Package textcomp Info: Setting pxss sub-encoding to TS1/0 on input line 374.
Package textcomp Info: Setting pxtt sub-encoding to TS1/0 on input line 375.
Package textcomp Info: Setting txr sub-encoding to TS1/0 on input line 376.
Package textcomp Info: Setting txss sub-encoding to TS1/0 on input line 377.
Package textcomp Info: Setting txtt sub-encoding to TS1/0 on input line 378.
Package textcomp Info: Setting lmr sub-encoding to TS1/0 on input line 379.
Package textcomp Info: Setting lmdh sub-encoding to TS1/0 on input line 380.
Package textcomp Info: Setting lmss sub-encoding to TS1/0 on input line 381.
Package textcomp Info: Setting lmssq sub-encoding to TS1/0 on input line 382.
Package textcomp Info: Setting lmvtt sub-encoding to TS1/0 on input line 383.
Package textcomp Info: Setting lmtt sub-encoding to TS1/0 on input line 384.
Package textcomp Info: Setting qhv sub-encoding to TS1/0 on input line 385.
Package textcomp Info: Setting qag sub-encoding to TS1/0 on input line 386.
Package textcomp Info: Setting qbk sub-encoding to TS1/0 on input line 387.
Package textcomp Info: Setting qcr sub-encoding to TS1/0 on input line 388.
Package textcomp Info: Setting qcs sub-encoding to TS1/0 on input line 389.
Package textcomp Info: Setting qpl sub-encoding to TS1/0 on input line 390.
Package textcomp Info: Setting qtm sub-encoding to TS1/0 on input line 391.
Package textcomp Info: Setting qzc sub-encoding to TS1/0 on input line 392.
Package textcomp Info: Setting qhvc sub-encoding to TS1/0 on input line 393.
Package textcomp Info: Setting futs sub-encoding to TS1/4 on input line 394.
Package textcomp Info: Setting futx sub-encoding to TS1/4 on input line 395.
Package textcomp Info: Setting futj sub-encoding to TS1/4 on input line 396.
Package textcomp Info: Setting hlh sub-encoding to TS1/3 on input line 397.
Package textcomp Info: Setting hls sub-encoding to TS1/3 on input line 398.
Package textcomp Info: Setting hlst sub-encoding to TS1/3 on input line 399.
Package textcomp Info: Setting hlct sub-encoding to TS1/5 on input line 400.
Package textcomp Info: Setting hlx sub-encoding to TS1/5 on input line 401.
Package textcomp Info: Setting hlce sub-encoding to TS1/5 on input line 402.
Package textcomp Info: Setting hlcn sub-encoding to TS1/5 on input line 403.
Package textcomp Info: Setting hlcw sub-encoding to TS1/5 on input line 404.
Package textcomp Info: Setting hlcf sub-encoding to TS1/5 on input line 405.
Package textcomp Info: Setting pplx sub-encoding to TS1/3 on input line 406.
Package textcomp Info: Setting pplj sub-encoding to TS1/3 on input line 407.
Package textcomp Info: Setting ptmx sub-encoding to TS1/4 on input line 408.
Package textcomp Info: Setting ptmj sub-encoding to TS1/4 on input line 409.
)
("C:\Program Files\MiKTeX 2.9\tex\latex\wasysym\wasysym.sty"
Package: wasysym 2003/10/30 v2.0 Wasy-2 symbol support package
\symwasy=\mathgroup4
LaTeX Font Info:    Overwriting symbol font `wasy' in version `bold'
(Font)                  U/wasy/m/n --> U/wasy/b/n on input line 90.
)
("C:\Program Files\MiKTeX 2.9\tex\latex\base\fontenc.sty"
Package: fontenc 2016/06/19 v1.99m Standard LaTeX package

("C:\Program Files\MiKTeX 2.9\tex\latex\base\t1enc.def"
File: t1enc.def 2016/06/19 v1.99m Standard LaTeX file
LaTeX Font Info:    Redeclaring font encoding T1 on input line 48.
))
("C:\Program Files\MiKTeX 2.9\tex\latex\psnfss\helvet.sty"
Package: helvet 2005/04/12 PSNFSS-v9.2a (WaS) 
)
("C:\Program Files\MiKTeX 2.9\tex\latex\psnfss\courier.sty"
Package: courier 2005/04/12 PSNFSS-v9.2a (WaS) 
)
("C:\Program Files\MiKTeX 2.9\tex\latex\amsfonts\amssymb.sty"
Package: amssymb 2013/01/14 v3.01 AMS font symbols

("C:\Program Files\MiKTeX 2.9\tex\latex\amsfonts\amsfonts.sty"
Package: amsfonts 2013/01/14 v3.01 Basic AMSFonts support
\@emptytoks=\toks28
\symAMSa=\mathgroup5
\symAMSb=\mathgroup6
LaTeX Font Info:    Overwriting math alphabet `\mathfrak' in version `bold'
(Font)                  U/euf/m/n --> U/euf/b/n on input line 106.
))
("C:\Program Files\MiKTeX 2.9\tex\latex\sectsty\sectsty.sty"
Package: sectsty 2002/02/25 v2.0.2 Commands to change all sectional heading sty
les
)
("C:\Program Files\MiKTeX 2.9\tex\latex\geometry\geometry.sty"
Package: geometry 2010/09/12 v5.6 Page Geometry

("C:\Program Files\MiKTeX 2.9\tex\generic\oberdiek\ifpdf.sty"
Package: ifpdf 2016/05/14 v3.1 Provides the ifpdf switch
)
("C:\Program Files\MiKTeX 2.9\tex\generic\oberdiek\ifvtex.sty"
Package: ifvtex 2016/05/16 v1.6 Detect VTeX and its facilities (HO)
Package ifvtex Info: VTeX not detected.
)
("C:\Program Files\MiKTeX 2.9\tex\generic\ifxetex\ifxetex.sty"
Package: ifxetex 2010/09/12 v0.6 Provides ifxetex conditional
)
\Gm@cnth=\count118
\Gm@cntv=\count119
\c@Gm@tempcnt=\count120
\Gm@bindingoffset=\dimen144
\Gm@wd@mp=\dimen145
\Gm@odd@mp=\dimen146
\Gm@even@mp=\dimen147
\Gm@layoutwidth=\dimen148
\Gm@layoutheight=\dimen149
\Gm@layouthoffset=\dimen150
\Gm@layoutvoffset=\dimen151
\Gm@dimlist=\toks29

("C:\Program Files\MiKTeX 2.9\tex\latex\geometry\geometry.cfg"))
("C:\Program Files\MiKTeX 2.9\tex\latex\fancyhdr\fancyhdr.sty"
Package: fancyhdr 2016/09/06 3.8 Extensive control of page headers and footers
\fancy@headwidth=\skip57
\f@ncyO@elh=\skip58
\f@ncyO@erh=\skip59
\f@ncyO@olh=\skip60
\f@ncyO@orh=\skip61
\f@ncyO@elf=\skip62
\f@ncyO@erf=\skip63
\f@ncyO@olf=\skip64
\f@ncyO@orf=\skip65
)
("C:\Program Files\MiKTeX 2.9\tex\latex\natbib\natbib.sty"
Package: natbib 2010/09/13 8.31b (PWD, AO)
\bibhang=\skip66
\bibsep=\skip67
LaTeX Info: Redefining \cite on input line 694.
\c@NAT@ctr=\count121
)
("C:\Program Files\MiKTeX 2.9\tex\latex\tocloft\tocloft.sty"
Package: tocloft 2013/05/02 v2.3f parameterised ToC, etc., typesetting
Package tocloft Info: The document has chapter divisions on input line 44.
\cftparskip=\skip68
\cftbeforetoctitleskip=\skip69
\cftaftertoctitleskip=\skip70
\cftbeforepartskip=\skip71
\cftpartnumwidth=\skip72
\cftpartindent=\skip73
\cftbeforechapskip=\skip74
\cftchapindent=\skip75
\cftchapnumwidth=\skip76
\cftbeforesecskip=\skip77
\cftsecindent=\skip78
\cftsecnumwidth=\skip79
\cftbeforesubsecskip=\skip80
\cftsubsecindent=\skip81
\cftsubsecnumwidth=\skip82
\cftbeforesubsubsecskip=\skip83
\cftsubsubsecindent=\skip84
\cftsubsubsecnumwidth=\skip85
\cftbeforeparaskip=\skip86
\cftparaindent=\skip87
\cftparanumwidth=\skip88
\cftbeforesubparaskip=\skip89
\cftsubparaindent=\skip90
\cftsubparanumwidth=\skip91
\cftbeforeloftitleskip=\skip92
\cftafterloftitleskip=\skip93
\cftbeforefigskip=\skip94
\cftfigindent=\skip95
\cftfignumwidth=\skip96
\c@lofdepth=\count122
\c@lotdepth=\count123
\cftbeforelottitleskip=\skip97
\cftafterlottitleskip=\skip98
\cftbeforetabskip=\skip99
\cfttabindent=\skip100
\cfttabnumwidth=\skip101
)
\@indexfile=\write3
\openout3 = `refman.idx'.


Writing index file refman.idx
("C:\Program Files\MiKTeX 2.9\tex\latex\hyperref\hyperref.sty"
Package: hyperref 2016/06/24 v6.83q Hypertext links for LaTeX

("C:\Program Files\MiKTeX 2.9\tex\generic\oberdiek\hobsub-hyperref.sty"
Package: hobsub-hyperref 2016/05/16 v1.14 Bundle oberdiek, subset hyperref (HO)


("C:\Program Files\MiKTeX 2.9\tex\generic\oberdiek\hobsub-generic.sty"
Package: hobsub-generic 2016/05/16 v1.14 Bundle oberdiek, subset generic (HO)
Package: hobsub 2016/05/16 v1.14 Construct package bundles (HO)
Package hobsub Info: Skipping package `infwarerr' (already loaded).
Package hobsub Info: Skipping package `ltxcmds' (already loaded).
Package: ifluatex 2016/05/16 v1.4 Provides the ifluatex switch (HO)
Package ifluatex Info: LuaTeX not detected.
Package hobsub Info: Skipping package `ifvtex' (already loaded).
Package: intcalc 2016/05/16 v1.2 Expandable calculations with integers (HO)
Package hobsub Info: Skipping package `ifpdf' (already loaded).
Package: etexcmds 2016/05/16 v1.6 Avoid name clashes with e-TeX commands (HO)
Package etexcmds Info: Could not find \expanded.
(etexcmds)             That can mean that you are not using pdfTeX 1.50 or
(etexcmds)             that some package has redefined \expanded.
(etexcmds)             In the latter case, load this package earlier.
Package: kvsetkeys 2016/05/16 v1.17 Key value parser (HO)
Package: kvdefinekeys 2016/05/16 v1.4 Define keys (HO)
Package: pdftexcmds 2016/05/21 v0.22 Utility functions of pdfTeX for LuaTeX (HO
)
Package pdftexcmds Info: LuaTeX not detected.
Package pdftexcmds Info: \pdf@primitive is available.
Package pdftexcmds Info: \pdf@ifprimitive is available.
Package pdftexcmds Info: \pdfdraftmode found.
Package: pdfescape 2016/05/16 v1.14 Implements pdfTeX's escape features (HO)
Package: bigintcalc 2016/05/16 v1.4 Expandable calculations on big integers (HO
)
Package: bitset 2016/05/16 v1.2 Handle bit-vector datatype (HO)
Package: uniquecounter 2016/05/16 v1.3 Provide unlimited unique counter (HO)
)
Package hobsub Info: Skipping package `hobsub' (already loaded).
Package: letltxmacro 2016/05/16 v1.5 Let assignment for LaTeX macros (HO)
Package: hopatch 2016/05/16 v1.3 Wrapper for package hooks (HO)
Package: xcolor-patch 2016/05/16 xcolor patch
Package: atveryend 2016/05/16 v1.9 Hooks at the very end of document (HO)
Package atveryend Info: \enddocument detected (standard20110627).
Package: atbegshi 2016/06/09 v1.18 At begin shipout hook (HO)
Package: refcount 2016/05/16 v3.5 Data extraction from label references (HO)
Package: hycolor 2016/05/16 v1.8 Color options for hyperref/bookmark (HO)
)
("C:\Program Files\MiKTeX 2.9\tex\latex\oberdiek\auxhook.sty"
Package: auxhook 2016/05/16 v1.4 Hooks for auxiliary files (HO)
)
("C:\Program Files\MiKTeX 2.9\tex\latex\oberdiek\kvoptions.sty"
Package: kvoptions 2016/05/16 v3.12 Key value format for package options (HO)
)
\@linkdim=\dimen152
\Hy@linkcounter=\count124
\Hy@pagecounter=\count125

("C:\Program Files\MiKTeX 2.9\tex\latex\hyperref\pd1enc.def"
File: pd1enc.def 2016/06/24 v6.83q Hyperref: PDFDocEncoding definition (HO)
Now handling font encoding PD1 ...
... no UTF-8 mapping file for font encoding PD1
)
\Hy@SavedSpaceFactor=\count126

("C:\Program Files\MiKTeX 2.9\tex\latex\00miktex\hyperref.cfg"
File: hyperref.cfg 2002/06/06 v1.2 hyperref configuration of TeXLive
)
Package hyperref Info: Hyper figures OFF on input line 4486.
Package hyperref Info: Link nesting OFF on input line 4491.
Package hyperref Info: Hyper index ON on input line 4494.
Package hyperref Info: Plain pages OFF on input line 4501.
Package hyperref Info: Backreferencing ON on input line 4504.
Package hyperref Info: Implicit mode ON; LaTeX internals redefined.
Package hyperref Info: Bookmarks ON on input line 4735.

("C:\Program Files\MiKTeX 2.9\tex\latex\hyperref\backref.sty"
Package: backref 2016/05/21 v1.39 Bibliographical back referencing

("C:\Program Files\MiKTeX 2.9\tex\latex\oberdiek\rerunfilecheck.sty"
Package: rerunfilecheck 2016/05/16 v1.8 Rerun checks for auxiliary files (HO)
Package uniquecounter Info: New unique counter `rerunfilecheck' on input line 2
82.
))
\c@Hy@tempcnt=\count127

("C:\Program Files\MiKTeX 2.9\tex\latex\url\url.sty"
\Urlmuskip=\muskip10
Package: url 2013/09/16  ver 3.4  Verb mode for urls, etc.
)
LaTeX Info: Redefining \url on input line 5088.
\XeTeXLinkMargin=\dimen153
\Fld@menulength=\count128
\Field@Width=\dimen154
\Fld@charsize=\dimen155
Package hyperref Info: Hyper figures OFF on input line 6342.
Package hyperref Info: Link nesting OFF on input line 6347.
Package hyperref Info: Hyper index ON on input line 6350.
Package hyperref Info: backreferencing ON on input line 6355.
Package hyperref Info: Link coloring OFF on input line 6362.
Package hyperref Info: Link coloring with OCG OFF on input line 6367.
Package hyperref Info: PDF/A mode OFF on input line 6372.
LaTeX Info: Redefining \ref on input line 6412.
LaTeX Info: Redefining \pageref on input line 6416.
\Hy@abspage=\count129
\c@Item=\count130
\c@Hfootnote=\count131
)

Package hyperref Message: Driver: hpdftex.

("C:\Program Files\MiKTeX 2.9\tex\latex\hyperref\hpdftex.def"
File: hpdftex.def 2016/06/24 v6.83q Hyperref driver for pdfTeX
\Fld@listcount=\count132
\c@bookmark@seq@number=\count133
\Hy@SectionHShift=\skip102
)
Package hyperref Info: Option `colorlinks' set `true' on input line 105.
Package hyperref Info: Option `unicode' set `true' on input line 105.

("C:\Program Files\MiKTeX 2.9\tex\latex\hyperref\puenc.def"
File: puenc.def 2016/06/24 v6.83q Hyperref: PDF Unicode definition (HO)
Now handling font encoding PU ...
... no UTF-8 mapping file for font encoding PU
)
("C:\Program Files\MiKTeX 2.9\tex\latex\caption\caption.sty"
Package: caption 2016/02/21 v3.3-144 Customizing captions (AR)

("C:\Program Files\MiKTeX 2.9\tex\latex\caption\caption3.sty"
Package: caption3 2016/05/22 v1.7-166 caption3 kernel (AR)
Package caption3 Info: TeX engine: e-TeX on input line 67.
\captionmargin=\dimen156
\captionmargin@=\dimen157
\captionwidth=\dimen158
\caption@tempdima=\dimen159
\caption@indent=\dimen160
\caption@parindent=\dimen161
\caption@hangindent=\dimen162
)
\c@ContinuedFloat=\count134
Package caption Info: float package is loaded.
Package caption Info: hyperref package is loaded.
Package caption Info: longtable package is loaded.

("C:\Program Files\MiKTeX 2.9\tex\latex\caption\ltcaption.sty"
Package: ltcaption 2013/06/09 v1.4-94 longtable captions (AR)
)) (refman.aux)
\openout1 = `refman.aux'.

LaTeX Font Info:    Checking defaults for OML/cmm/m/it on input line 117.
LaTeX Font Info:    ... okay on input line 117.
LaTeX Font Info:    Checking defaults for T1/cmr/m/n on input line 117.
LaTeX Font Info:    ... okay on input line 117.
LaTeX Font Info:    Checking defaults for OT1/cmr/m/n on input line 117.
LaTeX Font Info:    ... okay on input line 117.
LaTeX Font Info:    Checking defaults for OMS/cmsy/m/n on input line 117.
LaTeX Font Info:    ... okay on input line 117.
LaTeX Font Info:    Checking defaults for OMX/cmex/m/n on input line 117.
LaTeX Font Info:    ... okay on input line 117.
LaTeX Font Info:    Checking defaults for U/cmr/m/n on input line 117.
LaTeX Font Info:    ... okay on input line 117.
LaTeX Font Info:    Checking defaults for TS1/cmr/m/n on input line 117.
LaTeX Font Info:    Try loading font information for TS1+cmr on input line 117.


("C:\Program Files\MiKTeX 2.9\tex\latex\base\ts1cmr.fd"
File: ts1cmr.fd 2014/09/29 v2.5h Standard LaTeX font definitions
)
LaTeX Font Info:    ... okay on input line 117.
LaTeX Font Info:    Checking defaults for PD1/pdf/m/n on input line 117.
LaTeX Font Info:    ... okay on input line 117.
LaTeX Font Info:    Checking defaults for PU/pdf/m/n on input line 117.
LaTeX Font Info:    ... okay on input line 117.
LaTeX Font Info:    Try loading font information for T1+phv on input line 117.

("C:\Program Files\MiKTeX 2.9\tex\latex\psnfss\t1phv.fd"
File: t1phv.fd 2001/06/04 scalable font definitions for T1/phv.
)
LaTeX Font Info:    Font shape `T1/phv/m/n' will be
(Font)              scaled to size 8.99994pt on input line 117.

("C:\Program Files\MiKTeX 2.9\tex\context\base\supp-pdf.mkii"
[Loading MPS to PDF converter (version 2006.09.02).]
\scratchcounter=\count135
\scratchdimen=\dimen163
\scratchbox=\box65
\nofMPsegments=\count136
\nofMParguments=\count137
\everyMPshowfont=\toks30
\MPscratchCnt=\count138
\MPscratchDim=\dimen164
\MPnumerator=\count139
\makeMPintoPDFobject=\count140
\everyMPtoPDFconversion=\toks31
) ("C:\Program Files\MiKTeX 2.9\tex\latex\oberdiek\epstopdf-base.sty"
Package: epstopdf-base 2016/05/15 v2.6 Base part for package epstopdf

("C:\Program Files\MiKTeX 2.9\tex\latex\oberdiek\grfext.sty"
Package: grfext 2016/05/16 v1.2 Manage graphics extensions (HO)
)
Package epstopdf-base Info: Redefining graphics rule for `.eps' on input line 4
38.
Package grfext Info: Graphics extension search list:
(grfext)             [.png,.pdf,.jpg,.mps,.jpeg,.jbig2,.jb2,.PNG,.PDF,.JPG,.JPE
G,.JBIG2,.JB2,.eps]
(grfext)             \AppendGraphicsExtensions on input line 456.
)
*geometry* driver: auto-detecting
*geometry* detected driver: pdftex
*geometry* verbose mode - [ preamble ] result:
* driver: pdftex
* paper: a4paper
* layout: <same size as paper>
* layoutoffset:(h,v)=(0.0pt,0.0pt)
* modes: twoside 
* h-part:(L,W,R)=(71.13188pt, 455.24411pt, 71.13188pt)
* v-part:(T,H,B)=(71.13188pt, 702.78308pt, 71.13188pt)
* \paperwidth=597.50787pt
* \paperheight=845.04684pt
* \textwidth=455.24411pt
* \textheight=702.78308pt
* \oddsidemargin=-1.1381pt
* \evensidemargin=-1.1381pt
* \topmargin=-31.2056pt
* \headheight=12.0pt
* \headsep=18.06749pt
* \topskip=10.0pt
* \footskip=25.29494pt
* \marginparwidth=125.0pt
* \marginparsep=7.0pt
* \columnsep=10.0pt
* \skip\footins=9.0pt plus 4.0pt minus 2.0pt
* \hoffset=0.0pt
* \voffset=0.0pt
* \mag=1000
* \@twocolumnfalse
* \@twosidetrue
* \@mparswitchtrue
* \@reversemarginfalse
* (1in=72.27pt=25.4mm, 1cm=28.453pt)

\AtBeginShipoutBox=\box66
Package backref Info: ** backref set up for natbib ** on input line 117.
Package hyperref Info: Link coloring ON on input line 117.
("C:\Program Files\MiKTeX 2.9\tex\latex\hyperref\nameref.sty"
Package: nameref 2016/05/21 v2.44 Cross-referencing by name of section

("C:\Program Files\MiKTeX 2.9\tex\generic\oberdiek\gettitlestring.sty"
Package: gettitlestring 2016/05/16 v1.5 Cleanup title references (HO)
)
\c@section@level=\count141
)
LaTeX Info: Redefining \ref on input line 117.
LaTeX Info: Redefining \pageref on input line 117.
LaTeX Info: Redefining \nameref on input line 117.

(refman.out) (refman.out)
\@outlinefile=\write4
\openout4 = `refman.out'.

Package caption Info: Begin \AtBeginDocument code.
Package caption Info: End \AtBeginDocument code.
Package hyperref Info: Option `pageanchor' set `false' on input line 123.
Package hyperref Info: Option `bookmarksnumbered' set `true' on input line 123.

Package hyperref Info: Option `unicode' set `true' on input line 123.
LaTeX Font Info:    Font shape `T1/phv/m/n' will be
(Font)              scaled to size 12.9599pt on input line 128.
LaTeX Font Info:    Font shape `T1/phv/m/n' will be
(Font)              scaled to size 6.29996pt on input line 128.
LaTeX Font Info:    Try loading font information for U+wasy on input line 128.

("C:\Program Files\MiKTeX 2.9\tex\latex\wasysym\uwasy.fd"
File: uwasy.fd 2003/10/30 v2.0 Wasy-2 symbol font definitions
)
LaTeX Font Info:    Try loading font information for U+msa on input line 128.

("C:\Program Files\MiKTeX 2.9\tex\latex\amsfonts\umsa.fd"
File: umsa.fd 2013/01/14 v3.01 AMS symbols A
)
LaTeX Font Info:    Try loading font information for U+msb on input line 128.

("C:\Program Files\MiKTeX 2.9\tex\latex\amsfonts\umsb.fd"
File: umsb.fd 2013/01/14 v3.01 AMS symbols B
)
LaTeX Font Info:    Font shape `T1/phv/m/n' will be
(Font)              scaled to size 10.79993pt on input line 130.
 [1


{C:/ProgramData/MiKTeX/2.9/pdftex/config/pdftex.map}] [2

]
LaTeX Font Info:    Font shape `T1/phv/m/n' will be
(Font)              scaled to size 22.39185pt on input line 135.
LaTeX Font Info:    Font shape `T1/phv/bx/n' in size <24.88> not available
(Font)              Font shape `T1/phv/b/n' tried instead on input line 135.
LaTeX Font Info:    Font shape `T1/phv/b/n' will be
(Font)              scaled to size 22.39185pt on input line 135.
LaTeX Font Info:    Font shape `T1/phv/bc/n' will be
(Font)              scaled to size 22.39185pt on input line 135.
 (refman.toc
LaTeX Font Info:    Font shape `T1/phv/bx/n' in size <10> not available
(Font)              Font shape `T1/phv/b/n' tried instead on input line 1.
LaTeX Font Info:    Font shape `T1/phv/b/n' will be
(Font)              scaled to size 8.99994pt on input line 1.
LaTeX Font Info:    Font shape `T1/phv/bx/n' in size <7> not available
(Font)              Font shape `T1/phv/b/n' tried instead on input line 1.
LaTeX Font Info:    Font shape `T1/phv/b/n' will be
(Font)              scaled to size 6.29996pt on input line 1.
 [1

] [2] [3] [4] [5]
[6] [7])
\tf@toc=\write5
\openout5 = `refman.toc'.

 [8]
Package hyperref Info: Option `pageanchor' set `true' on input line 138.

Chapter 1.
LaTeX Font Info:    Font shape `T1/phv/m/n' will be
(Font)              scaled to size 18.66588pt on input line 141.
LaTeX Font Info:    Font shape `T1/phv/bx/n' in size <20.74> not available
(Font)              Font shape `T1/phv/b/n' tried instead on input line 141.
LaTeX Font Info:    Font shape `T1/phv/b/n' will be
(Font)              scaled to size 18.66588pt on input line 141.
LaTeX Font Info:    Font shape `T1/phv/bc/n' will be
(Font)              scaled to size 18.66588pt on input line 141.
LaTeX Font Info:    Font shape `T1/phv/bc/n' will be
(Font)              scaled to size 6.29996pt on input line 141.

(md__c_1__users__administrator__documents__git_hub__n_e_s-_snake__r_e_a_d_m_e.t
ex
LaTeX Font Info:    Try loading font information for TS1+phv on input line 1.
 ("C:\Program Files\MiKTeX 2.9\tex\latex\psnfss\ts1phv.fd"
File: ts1phv.fd 2001/06/04 scalable font definitions for TS1/phv.
)
LaTeX Font Info:    Font shape `TS1/phv/m/n' will be
(Font)              scaled to size 8.99994pt on input line 1.
LaTeX Font Info:    Try loading font information for T1+pcr on input line 1.

("C:\Program Files\MiKTeX 2.9\tex\latex\psnfss\t1pcr.fd"
File: t1pcr.fd 2001/06/04 font definitions for T1/pcr.
)) [1


] [2

]
Chapter 2.
(annotated.tex
LaTeX Font Info:    Font shape `T1/phv/bx/n' in size <14.4> not available
(Font)              Font shape `T1/phv/b/n' tried instead on input line 1.
LaTeX Font Info:    Font shape `T1/phv/b/n' will be
(Font)              scaled to size 12.9599pt on input line 1.
LaTeX Font Info:    Font shape `T1/phv/bc/n' will be
(Font)              scaled to size 12.9599pt on input line 1.
) [3] [4

]
Chapter 3.
(files.tex [5]) [6]
Chapter 4.
(structitems__struct.tex
LaTeX Font Info:    Font shape `T1/phv/bx/n' in size <12> not available
(Font)              Font shape `T1/phv/b/n' tried instead on input line 12.
LaTeX Font Info:    Font shape `T1/phv/b/n' will be
(Font)              scaled to size 10.79993pt on input line 12.
LaTeX Font Info:    Font shape `T1/phv/bc/n' will be
(Font)              scaled to size 10.79993pt on input line 12.
LaTeX Font Info:    Font shape `T1/phv/bc/n' will be
(Font)              scaled to size 8.99994pt on input line 28.

Underfull \hbox (badness 10000) detected at line 28
[][][]
 []

LaTeX Font Info:    Font shape `T1/phv/m/n' will be
(Font)              scaled to size 7.19995pt on input line 38.
[7

]) (structsnake__struct.tex
Underfull \hbox (badness 10000) detected at line 40
[][][]
 []

[8] [9]) [10]
Chapter 5.
(game__over__nam_8h.tex
Underfull \hbox (badness 10000) in paragraph at lines 1--1
[]\T1/phv/bc/n/14.4 C[]:/[]Users/[]Administrator/[]Documents/[]Git[]Hub/[]N[]E[
]S-[]Snake/gfx/game[]_[]over[]_[]nam.h File
 []


Underfull \hbox (badness 10000) detected at line 18
[][][]
 []

) (level1__nam_8h.tex
Underfull \hbox (badness 1881) in paragraph at lines 1--1
[]\T1/phv/bc/n/14.4 C[]:/[]Users/[]Administrator/[]Documents/[]Git[]Hub/[]N[]E[
]S-[]Snake/gfx/level1[]_[]nam.h File Ref-er-
 []

[11

]
Underfull \hbox (badness 10000) detected at line 18
[][][]
 []

) (level2__nam_8h.tex
Underfull \hbox (badness 1881) in paragraph at lines 1--1
[]\T1/phv/bc/n/14.4 C[]:/[]Users/[]Administrator/[]Documents/[]Git[]Hub/[]N[]E[
]S-[]Snake/gfx/level2[]_[]nam.h File Ref-er-
 []


Underfull \hbox (badness 10000) detected at line 18
[][][]
 []

[12]) (levels__pal_8h.tex
Underfull \hbox (badness 10000) in paragraph at lines 1--1
[]\T1/phv/bc/n/14.4 C[]:/[]Users/[]Administrator/[]Documents/[]Git[]Hub/[]N[]E[
]S-[]Snake/gfx/levels[]_[]pal.h File Ref-er-
 []


Underfull \hbox (badness 10000) detected at line 18
[][][]
 []

[13]) (menue__pal_8h.tex
Underfull \hbox (badness 3128) in paragraph at lines 1--1
[]\T1/phv/bc/n/14.4 C[]:/[]Users/[]Administrator/[]Documents/[]Git[]Hub/[]N[]E[
]S-[]Snake/gfx/menue[]_[]pal.h File Ref-er-
 []


Underfull \hbox (badness 10000) detected at line 18
[][][]
 []

) (sprites__pal_8h.tex
Underfull \hbox (badness 2582) in paragraph at lines 1--1
[]\T1/phv/bc/n/14.4 C[]:/[]Users/[]Administrator/[]Documents/[]Git[]Hub/[]N[]E[
]S-[]Snake/gfx/sprites[]_[]pal.h File Ref-er-
 []

[14]
Underfull \hbox (badness 10000) detected at line 18
[][][]
 []

) (titlescreen__nam_8h.tex
Underfull \hbox (badness 10000) in paragraph at lines 1--1
[]\T1/phv/bc/n/14.4 C[]:/[]Users/[]Administrator/[]Documents/[]Git[]Hub/[]N[]E[
]S-[]Snake/gfx/titlescreen[]_[]nam.h File
 []


Underfull \hbox (badness 10000) detected at line 18
[][][]
 []

[15]) (neslib_8h.tex [16] [17]
LaTeX Font Info:    Font shape `T1/pcr/m/it' in size <8> not available
(Font)              Font shape `T1/pcr/m/sl' tried instead on input line 206.
 [18] [19] [20]
<neslib_8h_a602d2b5e32479e0a80ad0d4dba8baf11_icgraph.pdf, id=1630, 194.7275pt x
 100.375pt>
File: neslib_8h_a602d2b5e32479e0a80ad0d4dba8baf11_icgraph.pdf Graphic file (typ
e pdf)
 <use neslib_8h_a602d2b5e32479e0a80ad0d4dba8baf11_icgraph.pdf>
Package pdftex.def Info: neslib_8h_a602d2b5e32479e0a80ad0d4dba8baf11_icgraph.pd
f used on input line 389.
(pdftex.def)             Requested size: 194.0pt x 100.00409pt.

[21 <./neslib_8h_a602d2b5e32479e0a80ad0d4dba8baf11_icgraph.pdf>]
<neslib_8h_af0e0aec75a3a9210d71775340297a652_icgraph.pdf, id=1646, 504.88625pt 
x 252.945pt>
File: neslib_8h_af0e0aec75a3a9210d71775340297a652_icgraph.pdf Graphic file (typ
e pdf)
 <use neslib_8h_af0e0aec75a3a9210d71775340297a652_icgraph.pdf>
Package pdftex.def Info: neslib_8h_af0e0aec75a3a9210d71775340297a652_icgraph.pd
f used on input line 438.
(pdftex.def)             Requested size: 350.0pt x 175.35048pt.

[22]
<neslib_8h_a6c0a83ae05e30af1643fbaf224ab8d74_icgraph.pdf, id=1651, 472.76625pt 
x 176.66pt>
File: neslib_8h_a6c0a83ae05e30af1643fbaf224ab8d74_icgraph.pdf Graphic file (typ
e pdf)
 <use neslib_8h_a6c0a83ae05e30af1643fbaf224ab8d74_icgraph.pdf>
Package pdftex.def Info: neslib_8h_a6c0a83ae05e30af1643fbaf224ab8d74_icgraph.pd
f used on input line 469.
(pdftex.def)             Requested size: 350.0pt x 130.78835pt.

[23 <./neslib_8h_af0e0aec75a3a9210d71775340297a652_icgraph.pdf>]
<neslib_8h_a73584a5b3af1517cb04f14c6118b5b0d_icgraph.pdf, id=1666, 372.39125pt 
x 100.375pt>
File: neslib_8h_a73584a5b3af1517cb04f14c6118b5b0d_icgraph.pdf Graphic file (typ
e pdf)
 <use neslib_8h_a73584a5b3af1517cb04f14c6118b5b0d_icgraph.pdf>
Package pdftex.def Info: neslib_8h_a73584a5b3af1517cb04f14c6118b5b0d_icgraph.pd
f used on input line 494.
(pdftex.def)             Requested size: 350.0pt x 94.3433pt.

[24 <./neslib_8h_a6c0a83ae05e30af1643fbaf224ab8d74_icgraph.pdf> <./neslib_8h_a7
3584a5b3af1517cb04f14c6118b5b0d_icgraph.pdf

pdfTeX warning: pdflatex (file ./neslib_8h_a73584a5b3af1517cb04f14c6118b5b0d_ic
graph.pdf): PDF inclusion: multiple pdfs with page group included in a single p
age
>]
<neslib_8h_a1f3f11758d2d0135f9451147e02f9f8f_icgraph.pdf, id=1690, 487.8225pt x
 176.66pt>
File: neslib_8h_a1f3f11758d2d0135f9451147e02f9f8f_icgraph.pdf Graphic file (typ
e pdf)
 <use neslib_8h_a1f3f11758d2d0135f9451147e02f9f8f_icgraph.pdf>
Package pdftex.def Info: neslib_8h_a1f3f11758d2d0135f9451147e02f9f8f_icgraph.pd
f used on input line 513.
(pdftex.def)             Requested size: 350.0pt x 126.75032pt.

<neslib_8h_a37b1ea3a9f615bf873ff1a9a7cb908e1_icgraph.pdf, id=1691, 202.7575pt x
 100.375pt>
File: neslib_8h_a37b1ea3a9f615bf873ff1a9a7cb908e1_icgraph.pdf Graphic file (typ
e pdf)
 <use neslib_8h_a37b1ea3a9f615bf873ff1a9a7cb908e1_icgraph.pdf>
Package pdftex.def Info: neslib_8h_a37b1ea3a9f615bf873ff1a9a7cb908e1_icgraph.pd
f used on input line 550.
(pdftex.def)             Requested size: 202.0pt x 100.00255pt.

[25 <./neslib_8h_a1f3f11758d2d0135f9451147e02f9f8f_icgraph.pdf>]
<neslib_8h_ae647495b7a80abff740f5e6169935faf_icgraph.pdf, id=1706, 501.875pt x 
226.8475pt>
File: neslib_8h_ae647495b7a80abff740f5e6169935faf_icgraph.pdf Graphic file (typ
e pdf)
 <use neslib_8h_ae647495b7a80abff740f5e6169935faf_icgraph.pdf>
Package pdftex.def Info: neslib_8h_ae647495b7a80abff740f5e6169935faf_icgraph.pd
f used on input line 575.
(pdftex.def)             Requested size: 350.0pt x 158.20718pt.

<neslib_8h_a67f5c6d5ee71fb0a59eb15526bc2cc84_icgraph.pdf, id=1707, 217.81375pt 
x 100.375pt>
File: neslib_8h_a67f5c6d5ee71fb0a59eb15526bc2cc84_icgraph.pdf Graphic file (typ
e pdf)
 <use neslib_8h_a67f5c6d5ee71fb0a59eb15526bc2cc84_icgraph.pdf>
Package pdftex.def Info: neslib_8h_a67f5c6d5ee71fb0a59eb15526bc2cc84_icgraph.pd
f used on input line 588.
(pdftex.def)             Requested size: 217.0pt x 99.9995pt.

[26 <./neslib_8h_a37b1ea3a9f615bf873ff1a9a7cb908e1_icgraph.pdf> <./neslib_8h_ae
647495b7a80abff740f5e6169935faf_icgraph.pdf

pdfTeX warning: pdflatex (file ./neslib_8h_ae647495b7a80abff740f5e6169935faf_ic
graph.pdf): PDF inclusion: multiple pdfs with page group included in a single p
age
>]
<neslib_8h_ac75389467f7f5846f6bb433f658841f2_icgraph.pdf, id=1731, 506.89375pt 
x 138.5175pt>
File: neslib_8h_ac75389467f7f5846f6bb433f658841f2_icgraph.pdf Graphic file (typ
e pdf)
 <use neslib_8h_ac75389467f7f5846f6bb433f658841f2_icgraph.pdf>
Package pdftex.def Info: neslib_8h_ac75389467f7f5846f6bb433f658841f2_icgraph.pd
f used on input line 601.
(pdftex.def)             Requested size: 350.0pt x 95.6448pt.

<neslib_8h_ac88eae7b7797eb87915966d9084eef03_icgraph.pdf, id=1732, 230.8625pt x
 100.375pt>
File: neslib_8h_ac88eae7b7797eb87915966d9084eef03_icgraph.pdf Graphic file (typ
e pdf)
 <use neslib_8h_ac88eae7b7797eb87915966d9084eef03_icgraph.pdf>
Package pdftex.def Info: neslib_8h_ac88eae7b7797eb87915966d9084eef03_icgraph.pd
f used on input line 632.
(pdftex.def)             Requested size: 230.0pt x 100.00102pt.

[27 <./neslib_8h_a67f5c6d5ee71fb0a59eb15526bc2cc84_icgraph.pdf> <./neslib_8h_ac
75389467f7f5846f6bb433f658841f2_icgraph.pdf

pdfTeX warning: pdflatex (file ./neslib_8h_ac75389467f7f5846f6bb433f658841f2_ic
graph.pdf): PDF inclusion: multiple pdfs with page group included in a single p
age
>]
<neslib_8h_a8fe1185fb429a4f9a0b82f9cd2c703e5_icgraph.pdf, id=1757, 613.29124pt 
x 189.70876pt>
File: neslib_8h_a8fe1185fb429a4f9a0b82f9cd2c703e5_icgraph.pdf Graphic file (typ
e pdf)
 <use neslib_8h_a8fe1185fb429a4f9a0b82f9cd2c703e5_icgraph.pdf>
Package pdftex.def Info: neslib_8h_a8fe1185fb429a4f9a0b82f9cd2c703e5_icgraph.pd
f used on input line 651.
(pdftex.def)             Requested size: 350.0pt x 108.26537pt.

[28 <./neslib_8h_ac88eae7b7797eb87915966d9084eef03_icgraph.pdf> <./neslib_8h_a8
fe1185fb429a4f9a0b82f9cd2c703e5_icgraph.pdf

pdfTeX warning: pdflatex (file ./neslib_8h_a8fe1185fb429a4f9a0b82f9cd2c703e5_ic
graph.pdf): PDF inclusion: multiple pdfs with page group included in a single p
age
>]
<neslib_8h_a025e06c022d08b2fa828e8e4597004c7_icgraph.pdf, id=1781, 244.915pt x 
100.375pt>
File: neslib_8h_a025e06c022d08b2fa828e8e4597004c7_icgraph.pdf Graphic file (typ
e pdf)
 <use neslib_8h_a025e06c022d08b2fa828e8e4597004c7_icgraph.pdf>
Package pdftex.def Info: neslib_8h_a025e06c022d08b2fa828e8e4597004c7_icgraph.pd
f used on input line 682.
(pdftex.def)             Requested size: 244.0pt x 100.00255pt.

<neslib_8h_aeb2c4e716b2b6e9d31315ad4cec98623_icgraph.pdf, id=1782, 477.785pt x 
176.66pt>
File: neslib_8h_aeb2c4e716b2b6e9d31315ad4cec98623_icgraph.pdf Graphic file (typ
e pdf)
 <use neslib_8h_aeb2c4e716b2b6e9d31315ad4cec98623_icgraph.pdf>
Package pdftex.def Info: neslib_8h_aeb2c4e716b2b6e9d31315ad4cec98623_icgraph.pd
f used on input line 695.
(pdftex.def)             Requested size: 350.0pt x 129.41089pt.

<neslib_8h_a8460c4c927241500a3a09c245ceeea52_icgraph.pdf, id=1783, 510.90875pt 
x 226.8475pt>
File: neslib_8h_a8460c4c927241500a3a09c245ceeea52_icgraph.pdf Graphic file (typ
e pdf)
 <use neslib_8h_a8460c4c927241500a3a09c245ceeea52_icgraph.pdf>
Package pdftex.def Info: neslib_8h_a8460c4c927241500a3a09c245ceeea52_icgraph.pd
f used on input line 714.
(pdftex.def)             Requested size: 350.0pt x 155.39998pt.

[29 <./neslib_8h_a025e06c022d08b2fa828e8e4597004c7_icgraph.pdf> <./neslib_8h_ae
b2c4e716b2b6e9d31315ad4cec98623_icgraph.pdf

pdfTeX warning: pdflatex (file ./neslib_8h_aeb2c4e716b2b6e9d31315ad4cec98623_ic
graph.pdf): PDF inclusion: multiple pdfs with page group included in a single p
age
>]
<neslib_8h_af14b2510268b3c13d9bd60837167bb09_icgraph.pdf, id=1807, 356.33125pt 
x 111.41624pt>
File: neslib_8h_af14b2510268b3c13d9bd60837167bb09_icgraph.pdf Graphic file (typ
e pdf)
 <use neslib_8h_af14b2510268b3c13d9bd60837167bb09_icgraph.pdf>
Package pdftex.def Info: neslib_8h_af14b2510268b3c13d9bd60837167bb09_icgraph.pd
f used on input line 745.
(pdftex.def)             Requested size: 350.0pt x 109.44048pt.

[30 <./neslib_8h_a8460c4c927241500a3a09c245ceeea52_icgraph.pdf> <./neslib_8h_af
14b2510268b3c13d9bd60837167bb09_icgraph.pdf

pdfTeX warning: pdflatex (file ./neslib_8h_af14b2510268b3c13d9bd60837167bb09_ic
graph.pdf): PDF inclusion: multiple pdfs with page group included in a single p
age
>]
<neslib_8h_a1adb35bc2bdf712c0b1b8223b72b1cb2_icgraph.pdf, id=1831, 505.89pt x 1
76.66pt>
File: neslib_8h_a1adb35bc2bdf712c0b1b8223b72b1cb2_icgraph.pdf Graphic file (typ
e pdf)
 <use neslib_8h_a1adb35bc2bdf712c0b1b8223b72b1cb2_icgraph.pdf>
Package pdftex.def Info: neslib_8h_a1adb35bc2bdf712c0b1b8223b72b1cb2_icgraph.pd
f used on input line 758.
(pdftex.def)             Requested size: 350.0pt x 122.22438pt.
)
(_r_e_a_d_m_e_8md.tex) (globals_8h.tex
LaTeX Font Info:    Font shape `T1/phv/m/it' in size <10> not available
(Font)              Font shape `T1/phv/m/sl' tried instead on input line 16.
LaTeX Font Info:    Font shape `T1/phv/m/sl' will be
(Font)              scaled to size 8.99994pt on input line 16.
LaTeX Font Info:    Font shape `T1/phv/m/it' in size <7> not available
(Font)              Font shape `T1/phv/m/sl' tried instead on input line 16.
LaTeX Font Info:    Font shape `T1/phv/m/sl' will be
(Font)              scaled to size 6.29996pt on input line 16.
 [31 <./neslib_8h_a1adb35bc2bdf712c0b1b8223b72b1cb2_icgraph.pdf>]
Underfull \hbox (badness 10000) detected at line 92
[][][]
 []

[32] [33] [34]) (init_8c.tex [35]
Underfull \hbox (badness 10000) detected at line 24
[][][]
 []


Underfull \hbox (badness 10000) detected at line 36
[][][]
 []


<init_8c_a5e1a11d04da8b93d988f7f469cced908_cgraph.pdf, id=1940, 293.095pt x 100
.375pt>
File: init_8c_a5e1a11d04da8b93d988f7f469cced908_cgraph.pdf Graphic file (type p
df)
 <use init_8c_a5e1a11d04da8b93d988f7f469cced908_cgraph.pdf>
Package pdftex.def Info: init_8c_a5e1a11d04da8b93d988f7f469cced908_cgraph.pdf u
sed on input line 43.
(pdftex.def)             Requested size: 292.0pt x 99.9995pt.

<init_8c_a5e1a11d04da8b93d988f7f469cced908_icgraph.pdf, id=1941, 536.0025pt x 1
89.70876pt>
File: init_8c_a5e1a11d04da8b93d988f7f469cced908_icgraph.pdf Graphic file (type 
pdf)
 <use init_8c_a5e1a11d04da8b93d988f7f469cced908_icgraph.pdf>
Package pdftex.def Info: init_8c_a5e1a11d04da8b93d988f7f469cced908_icgraph.pdf 
used on input line 50.
(pdftex.def)             Requested size: 350.0pt x 123.87659pt.

[36 <./init_8c_a5e1a11d04da8b93d988f7f469cced908_cgraph.pdf>]
<init_8c_a7b954d662e5d02b443505f282f168832_icgraph.pdf, id=1961, 341.275pt x 10
0.375pt>
File: init_8c_a7b954d662e5d02b443505f282f168832_icgraph.pdf Graphic file (type 
pdf)
 <use init_8c_a7b954d662e5d02b443505f282f168832_icgraph.pdf>
Package pdftex.def Info: init_8c_a7b954d662e5d02b443505f282f168832_icgraph.pdf 
used on input line 63.
(pdftex.def)             Requested size: 340.0pt x 100.00562pt.

<init_8c_a2c5205e4618e0f665b8732c538418639_cgraph.pdf, id=1962, 420.57124pt x 1
38.5175pt>
File: init_8c_a2c5205e4618e0f665b8732c538418639_cgraph.pdf Graphic file (type p
df)
 <use init_8c_a2c5205e4618e0f665b8732c538418639_cgraph.pdf>
Package pdftex.def Info: init_8c_a2c5205e4618e0f665b8732c538418639_cgraph.pdf u
sed on input line 76.
(pdftex.def)             Requested size: 350.0pt x 115.27596pt.

<init_8c_a2c5205e4618e0f665b8732c538418639_icgraph.pdf, id=1963, 245.91875pt x 
100.375pt>
File: init_8c_a2c5205e4618e0f665b8732c538418639_icgraph.pdf Graphic file (type 
pdf)
 <use init_8c_a2c5205e4618e0f665b8732c538418639_icgraph.pdf>
Package pdftex.def Info: init_8c_a2c5205e4618e0f665b8732c538418639_icgraph.pdf 
used on input line 83.
(pdftex.def)             Requested size: 245.0pt x 100.00409pt.
 [37 <./init_8c_a5e1a11d04da8b93d988f7f469cced908_icgraph.pdf> <./init_8c_a7b95
4d662e5d02b443505f282f168832_icgraph.pdf

pdfTeX warning: pdflatex (file ./init_8c_a7b954d662e5d02b443505f282f168832_icgr
aph.pdf): PDF inclusion: multiple pdfs with page group included in a single pag
e
> <./init_8c_a2c5205e4618e0f665b8732c538418639_cgraph.pdf

pdfTeX warning: pdflatex (file ./init_8c_a2c5205e4618e0f665b8732c538418639_cgra
ph.pdf): PDF inclusion: multiple pdfs with page group included in a single page

>]
Underfull \hbox (badness 10000) detected at line 94
[][][]
 []


<init_8c_a0d12efc5b710644e3c76ceafe1b4f903_cgraph.pdf, id=1996, 282.05376pt x 1
76.66pt>
File: init_8c_a0d12efc5b710644e3c76ceafe1b4f903_cgraph.pdf Graphic file (type p
df)
 <use init_8c_a0d12efc5b710644e3c76ceafe1b4f903_cgraph.pdf>
Package pdftex.def Info: init_8c_a0d12efc5b710644e3c76ceafe1b4f903_cgraph.pdf u
sed on input line 101.
(pdftex.def)             Requested size: 281.0pt x 176.0126pt.

<init_8c_a0d12efc5b710644e3c76ceafe1b4f903_icgraph.pdf, id=1997, 258.9675pt x 1
11.41624pt>
File: init_8c_a0d12efc5b710644e3c76ceafe1b4f903_icgraph.pdf Graphic file (type 
pdf)
 <use init_8c_a0d12efc5b710644e3c76ceafe1b4f903_icgraph.pdf>
Package pdftex.def Info: init_8c_a0d12efc5b710644e3c76ceafe1b4f903_icgraph.pdf 
used on input line 108.
(pdftex.def)             Requested size: 258.0pt x 111.01134pt.
)
(input_8c.tex [38 <./init_8c_a2c5205e4618e0f665b8732c538418639_icgraph.pdf> <./
init_8c_a0d12efc5b710644e3c76ceafe1b4f903_cgraph.pdf

pdfTeX warning: pdflatex (file ./init_8c_a0d12efc5b710644e3c76ceafe1b4f903_cgra
ph.pdf): PDF inclusion: multiple pdfs with page group included in a single page

> <./init_8c_a0d12efc5b710644e3c76ceafe1b4f903_icgraph.pdf

pdfTeX warning: pdflatex (file ./init_8c_a0d12efc5b710644e3c76ceafe1b4f903_icgr
aph.pdf): PDF inclusion: multiple pdfs with page group included in a single pag
e
>]
Underfull \hbox (badness 10000) detected at line 20
[][][]
 []


Underfull \hbox (badness 10000) detected at line 34
[][][]
 []


<input_8c_a8bf87fe078154e7e046e88a4d05e3e8c_cgraph.pdf, id=2032, 250.9375pt x 1
00.375pt>
File: input_8c_a8bf87fe078154e7e046e88a4d05e3e8c_cgraph.pdf Graphic file (type 
pdf)
 <use input_8c_a8bf87fe078154e7e046e88a4d05e3e8c_cgraph.pdf>
Package pdftex.def Info: input_8c_a8bf87fe078154e7e046e88a4d05e3e8c_cgraph.pdf 
used on input line 41.
(pdftex.def)             Requested size: 250.0pt x 100.00562pt.

<input_8c_a8bf87fe078154e7e046e88a4d05e3e8c_icgraph.pdf, id=2033, 388.45125pt x
 100.375pt>
File: input_8c_a8bf87fe078154e7e046e88a4d05e3e8c_icgraph.pdf Graphic file (type
 pdf)
 <use input_8c_a8bf87fe078154e7e046e88a4d05e3e8c_icgraph.pdf>
Package pdftex.def Info: input_8c_a8bf87fe078154e7e046e88a4d05e3e8c_icgraph.pdf
 used on input line 48.
(pdftex.def)             Requested size: 350.0pt x 90.4408pt.

[39 <./input_8c_a8bf87fe078154e7e046e88a4d05e3e8c_cgraph.pdf> <./input_8c_a8bf8
7fe078154e7e046e88a4d05e3e8c_icgraph.pdf

pdfTeX warning: pdflatex (file ./input_8c_a8bf87fe078154e7e046e88a4d05e3e8c_icg
raph.pdf): PDF inclusion: multiple pdfs with page group included in a single pa
ge
>]
Underfull \hbox (badness 10000) detected at line 59
[][][]
 []


<input_8c_a42040f54ae307c565d4142f864d926c7_cgraph.pdf, id=2061, 403.5075pt x 1
38.5175pt>
File: input_8c_a42040f54ae307c565d4142f864d926c7_cgraph.pdf Graphic file (type 
pdf)
 <use input_8c_a42040f54ae307c565d4142f864d926c7_cgraph.pdf>
Package pdftex.def Info: input_8c_a42040f54ae307c565d4142f864d926c7_cgraph.pdf 
used on input line 66.
(pdftex.def)             Requested size: 350.0pt x 120.14992pt.

<input_8c_a42040f54ae307c565d4142f864d926c7_icgraph.pdf, id=2062, 271.0125pt x 
100.375pt>
File: input_8c_a42040f54ae307c565d4142f864d926c7_icgraph.pdf Graphic file (type
 pdf)
 <use input_8c_a42040f54ae307c565d4142f864d926c7_icgraph.pdf>
Package pdftex.def Info: input_8c_a42040f54ae307c565d4142f864d926c7_icgraph.pdf
 used on input line 73.
(pdftex.def)             Requested size: 270.0pt x 100.00409pt.
)
(macros_8h.tex [40 <./input_8c_a42040f54ae307c565d4142f864d926c7_cgraph.pdf> <.
/input_8c_a42040f54ae307c565d4142f864d926c7_icgraph.pdf

pdfTeX warning: pdflatex (file ./input_8c_a42040f54ae307c565d4142f864d926c7_icg
raph.pdf): PDF inclusion: multiple pdfs with page group included in a single pa
ge
>]
Underfull \hbox (badness 10000) detected at line 94
[][][]
 []

[41] [42] [43]) (render_8c.tex [44]
Underfull \hbox (badness 10000) detected at line 36
[][][]
 []


Underfull \hbox (badness 10000) detected at line 50
[][][]
 []


<render_8c_aed4a93d083114e3b2160bc3adef848f5_icgraph.pdf, id=2166, 586.19pt x 1
00.375pt>
File: render_8c_aed4a93d083114e3b2160bc3adef848f5_icgraph.pdf Graphic file (typ
e pdf)
 <use render_8c_aed4a93d083114e3b2160bc3adef848f5_icgraph.pdf>
Package pdftex.def Info: render_8c_aed4a93d083114e3b2160bc3adef848f5_icgraph.pd
f used on input line 57.
(pdftex.def)             Requested size: 350.0pt x 59.93138pt.

[45 <./render_8c_aed4a93d083114e3b2160bc3adef848f5_icgraph.pdf>]
Underfull \hbox (badness 10000) detected at line 68
[][][]
 []


<render_8c_a9b14b8e82140fb3a218656d05ff72bc1_cgraph.pdf, id=2193, 387.4475pt x 
329.23pt>
File: render_8c_a9b14b8e82140fb3a218656d05ff72bc1_cgraph.pdf Graphic file (type
 pdf)
 <use render_8c_a9b14b8e82140fb3a218656d05ff72bc1_cgraph.pdf>
Package pdftex.def Info: render_8c_a9b14b8e82140fb3a218656d05ff72bc1_cgraph.pdf
 used on input line 75.
(pdftex.def)             Requested size: 350.0pt x 297.41447pt.

<render_8c_a9b14b8e82140fb3a218656d05ff72bc1_icgraph.pdf, id=2194, 402.50375pt 
x 100.375pt>
File: render_8c_a9b14b8e82140fb3a218656d05ff72bc1_icgraph.pdf Graphic file (typ
e pdf)
 <use render_8c_a9b14b8e82140fb3a218656d05ff72bc1_icgraph.pdf>
Package pdftex.def Info: render_8c_a9b14b8e82140fb3a218656d05ff72bc1_icgraph.pd
f used on input line 82.
(pdftex.def)             Requested size: 350.0pt x 87.28111pt.

[46 <./render_8c_a9b14b8e82140fb3a218656d05ff72bc1_cgraph.pdf> <./render_8c_a9b
14b8e82140fb3a218656d05ff72bc1_icgraph.pdf

pdfTeX warning: pdflatex (file ./render_8c_a9b14b8e82140fb3a218656d05ff72bc1_ic
graph.pdf): PDF inclusion: multiple pdfs with page group included in a single p
age
>]
Underfull \hbox (badness 10000) detected at line 93
[][][]
 []


<render_8c_a8505733de64030563c2907ef81fb4b96_cgraph.pdf, id=2218, 236.885pt x 1
00.375pt>
File: render_8c_a8505733de64030563c2907ef81fb4b96_cgraph.pdf Graphic file (type
 pdf)
 <use render_8c_a8505733de64030563c2907ef81fb4b96_cgraph.pdf>
Package pdftex.def Info: render_8c_a8505733de64030563c2907ef81fb4b96_cgraph.pdf
 used on input line 100.
(pdftex.def)             Requested size: 236.0pt x 100.00255pt.

<render_8c_a8505733de64030563c2907ef81fb4b96_icgraph.pdf, id=2219, 345.29pt x 1
00.375pt>
File: render_8c_a8505733de64030563c2907ef81fb4b96_icgraph.pdf Graphic file (typ
e pdf)
 <use render_8c_a8505733de64030563c2907ef81fb4b96_icgraph.pdf>
Package pdftex.def Info: render_8c_a8505733de64030563c2907ef81fb4b96_icgraph.pd
f used on input line 107.
(pdftex.def)             Requested size: 344.0pt x 100.00102pt.

Underfull \hbox (badness 10000) detected at line 118
[][][]
 []


<render_8c_a0842d4314b6de6efca64c0ad01002712_cgraph.pdf, id=2220, 275.0275pt x 
138.5175pt>
File: render_8c_a0842d4314b6de6efca64c0ad01002712_cgraph.pdf Graphic file (type
 pdf)
 <use render_8c_a0842d4314b6de6efca64c0ad01002712_cgraph.pdf>
Package pdftex.def Info: render_8c_a0842d4314b6de6efca64c0ad01002712_cgraph.pdf
 used on input line 125.
(pdftex.def)             Requested size: 274.0pt x 138.012pt.

[47 <./render_8c_a8505733de64030563c2907ef81fb4b96_cgraph.pdf> <./render_8c_a85
05733de64030563c2907ef81fb4b96_icgraph.pdf

pdfTeX warning: pdflatex (file ./render_8c_a8505733de64030563c2907ef81fb4b96_ic
graph.pdf): PDF inclusion: multiple pdfs with page group included in a single p
age
>]
<render_8c_a0842d4314b6de6efca64c0ad01002712_icgraph.pdf, id=2244, 249.93375pt 
x 100.375pt>
File: render_8c_a0842d4314b6de6efca64c0ad01002712_icgraph.pdf Graphic file (typ
e pdf)
 <use render_8c_a0842d4314b6de6efca64c0ad01002712_icgraph.pdf>
Package pdftex.def Info: render_8c_a0842d4314b6de6efca64c0ad01002712_icgraph.pd
f used on input line 132.
(pdftex.def)             Requested size: 249.0pt x 100.00409pt.

Underfull \hbox (badness 10000) detected at line 143
[][][]
 []


<render_8c_ae7beeeddc3ba63a471ed7adf686d6751_cgraph.pdf, id=2245, 282.05376pt x
 138.5175pt>
File: render_8c_ae7beeeddc3ba63a471ed7adf686d6751_cgraph.pdf Graphic file (type
 pdf)
 <use render_8c_ae7beeeddc3ba63a471ed7adf686d6751_cgraph.pdf>
Package pdftex.def Info: render_8c_ae7beeeddc3ba63a471ed7adf686d6751_cgraph.pdf
 used on input line 150.
(pdftex.def)             Requested size: 281.0pt x 138.00987pt.

<render_8c_ae7beeeddc3ba63a471ed7adf686d6751_icgraph.pdf, id=2246, 382.42876pt 
x 100.375pt>
File: render_8c_ae7beeeddc3ba63a471ed7adf686d6751_icgraph.pdf Graphic file (typ
e pdf)
 <use render_8c_ae7beeeddc3ba63a471ed7adf686d6751_icgraph.pdf>
Package pdftex.def Info: render_8c_ae7beeeddc3ba63a471ed7adf686d6751_icgraph.pd
f used on input line 157.
(pdftex.def)             Requested size: 350.0pt x 91.86824pt.

[48 <./render_8c_a0842d4314b6de6efca64c0ad01002712_cgraph.pdf> <./render_8c_a08
42d4314b6de6efca64c0ad01002712_icgraph.pdf

pdfTeX warning: pdflatex (file ./render_8c_a0842d4314b6de6efca64c0ad01002712_ic
graph.pdf): PDF inclusion: multiple pdfs with page group included in a single p
age
> <./render_8c_ae7beeeddc3ba63a471ed7adf686d6751_cgraph.pdf

pdfTeX warning: pdflatex (file ./render_8c_ae7beeeddc3ba63a471ed7adf686d6751_cg
raph.pdf): PDF inclusion: multiple pdfs with page group included in a single pa
ge
>]
Underfull \hbox (badness 10000) detected at line 168
[][][]
 []


<render_8c_a38d38ff447a57a6f4406de8193e1a390_icgraph.pdf, id=2279, 345.29pt x 1
00.375pt>
File: render_8c_a38d38ff447a57a6f4406de8193e1a390_icgraph.pdf Graphic file (typ
e pdf)
 <use render_8c_a38d38ff447a57a6f4406de8193e1a390_icgraph.pdf>
Package pdftex.def Info: render_8c_a38d38ff447a57a6f4406de8193e1a390_icgraph.pd
f used on input line 175.
(pdftex.def)             Requested size: 344.0pt x 100.00102pt.

Underfull \hbox (badness 10000) detected at line 186
[][][]
 []


<render_8c_a115543b4c8b33eab539f43151ff51db3_cgraph.pdf, id=2280, 238.8925pt x 
100.375pt>
File: render_8c_a115543b4c8b33eab539f43151ff51db3_cgraph.pdf Graphic file (type
 pdf)
 <use render_8c_a115543b4c8b33eab539f43151ff51db3_cgraph.pdf>
Package pdftex.def Info: render_8c_a115543b4c8b33eab539f43151ff51db3_cgraph.pdf
 used on input line 193.
(pdftex.def)             Requested size: 238.0pt x 99.9995pt.

<render_8c_a115543b4c8b33eab539f43151ff51db3_icgraph.pdf, id=2281, 347.2975pt x
 100.375pt>
File: render_8c_a115543b4c8b33eab539f43151ff51db3_icgraph.pdf Graphic file (typ
e pdf)
 <use render_8c_a115543b4c8b33eab539f43151ff51db3_icgraph.pdf>
Package pdftex.def Info: render_8c_a115543b4c8b33eab539f43151ff51db3_icgraph.pd
f used on input line 200.
(pdftex.def)             Requested size: 346.0pt x 100.00409pt.

[49 <./render_8c_ae7beeeddc3ba63a471ed7adf686d6751_icgraph.pdf> <./render_8c_a3
8d38ff447a57a6f4406de8193e1a390_icgraph.pdf

pdfTeX warning: pdflatex (file ./render_8c_a38d38ff447a57a6f4406de8193e1a390_ic
graph.pdf): PDF inclusion: multiple pdfs with page group included in a single p
age
>]
Underfull \hbox (badness 10000) detected at line 211
[][][]
 []


<render_8c_a1b09050d2bea05fec0b30f6e452a2ff7_cgraph.pdf, id=2305, 273.02pt x 29
1.0875pt>
File: render_8c_a1b09050d2bea05fec0b30f6e452a2ff7_cgraph.pdf Graphic file (type
 pdf)
 <use render_8c_a1b09050d2bea05fec0b30f6e452a2ff7_cgraph.pdf>
Package pdftex.def Info: render_8c_a1b09050d2bea05fec0b30f6e452a2ff7_cgraph.pdf
 used on input line 218.
(pdftex.def)             Requested size: 272.0pt x 290.01634pt.

Underfull \vbox (badness 1038) has occurred while \output is active []

 [50 <./render_8c_a115543b4c8b33eab539f43151ff51db3_cgraph.pdf> <./render_8c_a1
15543b4c8b33eab539f43151ff51db3_icgraph.pdf

pdfTeX warning: pdflatex (file ./render_8c_a115543b4c8b33eab539f43151ff51db3_ic
graph.pdf): PDF inclusion: multiple pdfs with page group included in a single p
age
>]
<render_8c_a1b09050d2bea05fec0b30f6e452a2ff7_icgraph.pdf, id=2329, 246.9225pt x
 100.375pt>
File: render_8c_a1b09050d2bea05fec0b30f6e452a2ff7_icgraph.pdf Graphic file (typ
e pdf)
 <use render_8c_a1b09050d2bea05fec0b30f6e452a2ff7_icgraph.pdf>
Package pdftex.def Info: render_8c_a1b09050d2bea05fec0b30f6e452a2ff7_icgraph.pd
f used on input line 225.
(pdftex.def)             Requested size: 246.0pt x 99.9995pt.

Underfull \hbox (badness 10000) detected at line 236
[][][]
 []


<render_8c_aad91df7562212fbe50ec49e27ef5af3a_icgraph.pdf, id=2330, 234.8775pt x
 100.375pt>
File: render_8c_aad91df7562212fbe50ec49e27ef5af3a_icgraph.pdf Graphic file (typ
e pdf)
 <use render_8c_aad91df7562212fbe50ec49e27ef5af3a_icgraph.pdf>
Package pdftex.def Info: render_8c_aad91df7562212fbe50ec49e27ef5af3a_icgraph.pd
f used on input line 243.
(pdftex.def)             Requested size: 234.0pt x 99.9995pt.

[51 <./render_8c_a1b09050d2bea05fec0b30f6e452a2ff7_cgraph.pdf> <./render_8c_a1b
09050d2bea05fec0b30f6e452a2ff7_icgraph.pdf

pdfTeX warning: pdflatex (file ./render_8c_a1b09050d2bea05fec0b30f6e452a2ff7_ic
graph.pdf): PDF inclusion: multiple pdfs with page group included in a single p
age
>]
Underfull \hbox (badness 10000) detected at line 254
[][][]
 []


<render_8c_aedd9dc656adabee0aaa1887fdc431544_cgraph.pdf, id=2355, 511.9125pt x 
443.6575pt>
File: render_8c_aedd9dc656adabee0aaa1887fdc431544_cgraph.pdf Graphic file (type
 pdf)
 <use render_8c_aedd9dc656adabee0aaa1887fdc431544_cgraph.pdf>
Package pdftex.def Info: render_8c_aedd9dc656adabee0aaa1887fdc431544_cgraph.pdf
 used on input line 261.
(pdftex.def)             Requested size: 350.0pt x 303.3349pt.

<render_8c_aedd9dc656adabee0aaa1887fdc431544_icgraph.pdf, id=2356, 242.9075pt x
 100.375pt>
File: render_8c_aedd9dc656adabee0aaa1887fdc431544_icgraph.pdf Graphic file (typ
e pdf)
 <use render_8c_aedd9dc656adabee0aaa1887fdc431544_icgraph.pdf>
Package pdftex.def Info: render_8c_aedd9dc656adabee0aaa1887fdc431544_icgraph.pd
f used on input line 268.
(pdftex.def)             Requested size: 242.0pt x 99.9995pt.
)
(snake_8c.tex [52 <./render_8c_aad91df7562212fbe50ec49e27ef5af3a_icgraph.pdf> <
./render_8c_aedd9dc656adabee0aaa1887fdc431544_cgraph.pdf

pdfTeX warning: pdflatex (file ./render_8c_aedd9dc656adabee0aaa1887fdc431544_cg
raph.pdf): PDF inclusion: multiple pdfs with page group included in a single pa
ge
>]
Underfull \hbox (badness 10000) in paragraph at lines 8--23

 []

LaTeX Font Info:    Font shape `T1/phv/m/n' will be
(Font)              scaled to size 8.09995pt on input line 27.
LaTeX Font Info:    Font shape `T1/phv/m/it' in size <9> not available
(Font)              Font shape `T1/phv/m/sl' tried instead on input line 27.
LaTeX Font Info:    Font shape `T1/phv/m/sl' will be
(Font)              scaled to size 8.09995pt on input line 27.

Underfull \hbox (badness 10000) detected at line 33
[][][]
 []

[53 <./render_8c_aedd9dc656adabee0aaa1887fdc431544_icgraph.pdf>]
Underfull \hbox (badness 10000) detected at line 49
[][][]
 []


<snake_8c_a6288eba0f8e8ad3ab1544ad731eb7667_cgraph.pdf, id=2397, 698.61pt x 110
7.13625pt>
File: snake_8c_a6288eba0f8e8ad3ab1544ad731eb7667_cgraph.pdf Graphic file (type 
pdf)
 <use snake_8c_a6288eba0f8e8ad3ab1544ad731eb7667_cgraph.pdf>
Package pdftex.def Info: snake_8c_a6288eba0f8e8ad3ab1544ad731eb7667_cgraph.pdf 
used on input line 56.
(pdftex.def)             Requested size: 347.0549pt x 550.0pt.
)
(structures_8h.tex
Underfull \vbox (badness 10000) has occurred while \output is active []

 [54]
Underfull \hbox (badness 1577) in paragraph at lines 1--1
[]\T1/phv/bc/n/14.4 C[]:/[]Users/[]Administrator/[]Documents/[]Git[]Hub/[]N[]E[
]S-[]Snake/src/structures.h File Ref-er-
 []

[55 <./snake_8c_a6288eba0f8e8ad3ab1544ad731eb7667_cgraph.pdf>]
Underfull \hbox (badness 10000) detected at line 20
[][][]
 []

) (update_8c.tex
Underfull \hbox (badness 10000) detected at line 32
[][][]
 []


Underfull \hbox (badness 10000) detected at line 46
[][][]
 []


<update_8c_ab8a45cae1f3c11e0ac4e758200257dd5_icgraph.pdf, id=2426, 411.5375pt x
 100.375pt>
File: update_8c_ab8a45cae1f3c11e0ac4e758200257dd5_icgraph.pdf Graphic file (typ
e pdf)
 <use update_8c_ab8a45cae1f3c11e0ac4e758200257dd5_icgraph.pdf>
Package pdftex.def Info: update_8c_ab8a45cae1f3c11e0ac4e758200257dd5_icgraph.pd
f used on input line 53.
(pdftex.def)             Requested size: 350.0pt x 85.36661pt.

[56]
Underfull \hbox (badness 10000) detected at line 64
[][][]
 []


Underfull \hbox (badness 10000) detected at line 67
[][][]
 []


<update_8c_a5fc00c88d57d8ba35a79d70316c2b478_icgraph.pdf, id=2441, 391.4625pt x
 100.375pt>
File: update_8c_a5fc00c88d57d8ba35a79d70316c2b478_icgraph.pdf Graphic file (typ
e pdf)
 <use update_8c_a5fc00c88d57d8ba35a79d70316c2b478_icgraph.pdf>
Package pdftex.def Info: update_8c_a5fc00c88d57d8ba35a79d70316c2b478_icgraph.pd
f used on input line 74.
(pdftex.def)             Requested size: 350.0pt x 89.74852pt.

Underfull \hbox (badness 10000) detected at line 85
[][][]
 []

[57 <./update_8c_ab8a45cae1f3c11e0ac4e758200257dd5_icgraph.pdf> <./update_8c_a5
fc00c88d57d8ba35a79d70316c2b478_icgraph.pdf

pdfTeX warning: pdflatex (file ./update_8c_a5fc00c88d57d8ba35a79d70316c2b478_ic
graph.pdf): PDF inclusion: multiple pdfs with page group included in a single p
age
>]
Underfull \hbox (badness 10000) detected at line 88
[][][]
 []


<update_8c_a4a602dbc65a1829ae32ec9328241d016_icgraph.pdf, id=2466, 386.44376pt 
x 100.375pt>
File: update_8c_a4a602dbc65a1829ae32ec9328241d016_icgraph.pdf Graphic file (typ
e pdf)
 <use update_8c_a4a602dbc65a1829ae32ec9328241d016_icgraph.pdf>
Package pdftex.def Info: update_8c_a4a602dbc65a1829ae32ec9328241d016_icgraph.pd
f used on input line 95.
(pdftex.def)             Requested size: 350.0pt x 90.90947pt.

Underfull \hbox (badness 10000) detected at line 106
[][][]
 []


Underfull \hbox (badness 10000) detected at line 109
[][][]
 []


<update_8c_a43b780da56b2d15f8f91cad68b3481bd_icgraph.pdf, id=2467, 387.4475pt x
 111.41624pt>
File: update_8c_a43b780da56b2d15f8f91cad68b3481bd_icgraph.pdf Graphic file (typ
e pdf)
 <use update_8c_a43b780da56b2d15f8f91cad68b3481bd_icgraph.pdf>
Package pdftex.def Info: update_8c_a43b780da56b2d15f8f91cad68b3481bd_icgraph.pd
f used on input line 116.
(pdftex.def)             Requested size: 350.0pt x 100.6494pt.

[58 <./update_8c_a4a602dbc65a1829ae32ec9328241d016_icgraph.pdf> <./update_8c_a4
3b780da56b2d15f8f91cad68b3481bd_icgraph.pdf

pdfTeX warning: pdflatex (file ./update_8c_a43b780da56b2d15f8f91cad68b3481bd_ic
graph.pdf): PDF inclusion: multiple pdfs with page group included in a single p
age
>]
Underfull \hbox (badness 10000) detected at line 127
[][][]
 []


Underfull \hbox (badness 10000) detected at line 130
[][][]
 []


<update_8c_a2ea36e0f75f408285b5d3a5bc8287b4f_icgraph.pdf, id=2491, 245.91875pt 
x 100.375pt>
File: update_8c_a2ea36e0f75f408285b5d3a5bc8287b4f_icgraph.pdf Graphic file (typ
e pdf)
 <use update_8c_a2ea36e0f75f408285b5d3a5bc8287b4f_icgraph.pdf>
Package pdftex.def Info: update_8c_a2ea36e0f75f408285b5d3a5bc8287b4f_icgraph.pd
f used on input line 137.
(pdftex.def)             Requested size: 245.0pt x 100.00409pt.

Underfull \hbox (badness 10000) detected at line 148
[][][]
 []


<update_8c_a31c8504e7fe9671dbda52ba62a382b1f_cgraph.pdf, id=2492, 586.19pt x 37
9.4175pt>
File: update_8c_a31c8504e7fe9671dbda52ba62a382b1f_cgraph.pdf Graphic file (type
 pdf)
 <use update_8c_a31c8504e7fe9671dbda52ba62a382b1f_cgraph.pdf>
Package pdftex.def Info: update_8c_a31c8504e7fe9671dbda52ba62a382b1f_cgraph.pdf
 used on input line 155.
(pdftex.def)             Requested size: 350.0pt x 226.54068pt.

<update_8c_a31c8504e7fe9671dbda52ba62a382b1f_icgraph.pdf, id=2493, 244.915pt x 
100.375pt>
File: update_8c_a31c8504e7fe9671dbda52ba62a382b1f_icgraph.pdf Graphic file (typ
e pdf)
 <use update_8c_a31c8504e7fe9671dbda52ba62a382b1f_icgraph.pdf>
Package pdftex.def Info: update_8c_a31c8504e7fe9671dbda52ba62a382b1f_icgraph.pd
f used on input line 162.
(pdftex.def)             Requested size: 244.0pt x 100.00255pt.

[59 <./update_8c_a2ea36e0f75f408285b5d3a5bc8287b4f_icgraph.pdf> <./update_8c_a3
1c8504e7fe9671dbda52ba62a382b1f_cgraph.pdf

pdfTeX warning: pdflatex (file ./update_8c_a31c8504e7fe9671dbda52ba62a382b1f_cg
raph.pdf): PDF inclusion: multiple pdfs with page group included in a single pa
ge
>]
Underfull \hbox (badness 10000) detected at line 173
[][][]
 []


<update_8c_ae3488a06fb6aba1dfcf15953247f5f5d_cgraph.pdf, id=2517, 411.5375pt x 
100.375pt>
File: update_8c_ae3488a06fb6aba1dfcf15953247f5f5d_cgraph.pdf Graphic file (type
 pdf)
 <use update_8c_ae3488a06fb6aba1dfcf15953247f5f5d_cgraph.pdf>
Package pdftex.def Info: update_8c_ae3488a06fb6aba1dfcf15953247f5f5d_cgraph.pdf
 used on input line 180.
(pdftex.def)             Requested size: 350.0pt x 85.36661pt.

<update_8c_ae3488a06fb6aba1dfcf15953247f5f5d_icgraph.pdf, id=2518, 363.3575pt x
 100.375pt>
File: update_8c_ae3488a06fb6aba1dfcf15953247f5f5d_icgraph.pdf Graphic file (typ
e pdf)
 <use update_8c_ae3488a06fb6aba1dfcf15953247f5f5d_icgraph.pdf>
Package pdftex.def Info: update_8c_ae3488a06fb6aba1dfcf15953247f5f5d_icgraph.pd
f used on input line 187.
(pdftex.def)             Requested size: 350.0pt x 96.68817pt.

Underfull \hbox (badness 10000) detected at line 198
[][][]
 []


<update_8c_a9441f5df7c591a90d7cc8bda74209bef_icgraph.pdf, id=2519, 385.44pt x 1
00.375pt>
File: update_8c_a9441f5df7c591a90d7cc8bda74209bef_icgraph.pdf Graphic file (typ
e pdf)
 <use update_8c_a9441f5df7c591a90d7cc8bda74209bef_icgraph.pdf>
Package pdftex.def Info: update_8c_a9441f5df7c591a90d7cc8bda74209bef_icgraph.pd
f used on input line 205.
(pdftex.def)             Requested size: 350.0pt x 91.14532pt.
)
[60 <./update_8c_a31c8504e7fe9671dbda52ba62a382b1f_icgraph.pdf> <./update_8c_ae
3488a06fb6aba1dfcf15953247f5f5d_cgraph.pdf

pdfTeX warning: pdflatex (file ./update_8c_ae3488a06fb6aba1dfcf15953247f5f5d_cg
raph.pdf): PDF inclusion: multiple pdfs with page group included in a single pa
ge
> <./update_8c_ae3488a06fb6aba1dfcf15953247f5f5d_icgraph.pdf

pdfTeX warning: pdflatex (file ./update_8c_ae3488a06fb6aba1dfcf15953247f5f5d_ic
graph.pdf): PDF inclusion: multiple pdfs with page group included in a single p
age
>] [61 <./update_8c_a9441f5df7c591a90d7cc8bda74209bef_icgraph.pdf>] [62

]
(refman.ind
Underfull \hbox (badness 10000) in paragraph at lines 17--19
[]\T1/phv/m/n/10 C[]:/[]Users/[]Administrator/[]Documents/[]Git[]Hub/[]N[]E[]S-
[]
 []


Underfull \hbox (badness 10000) in paragraph at lines 19--21
[]\T1/phv/m/n/10 C[]:/[]Users/[]Administrator/[]Documents/[]Git[]Hub/[]N[]E[]S-
[]
 []


Underfull \hbox (badness 10000) in paragraph at lines 21--23
[]\T1/phv/m/n/10 C[]:/[]Users/[]Administrator/[]Documents/[]Git[]Hub/[]N[]E[]S-
[]
 []


Underfull \hbox (badness 10000) in paragraph at lines 23--25
[]\T1/phv/m/n/10 C[]:/[]Users/[]Administrator/[]Documents/[]Git[]Hub/[]N[]E[]S-
[]
 []


Underfull \hbox (badness 10000) in paragraph at lines 25--27
[]\T1/phv/m/n/10 C[]:/[]Users/[]Administrator/[]Documents/[]Git[]Hub/[]N[]E[]S-
[]
 []


Underfull \hbox (badness 10000) in paragraph at lines 27--29
[]\T1/phv/m/n/10 C[]:/[]Users/[]Administrator/[]Documents/[]Git[]Hub/[]N[]E[]S-
[]
 []


Underfull \hbox (badness 10000) in paragraph at lines 29--31
[]\T1/phv/m/n/10 C[]:/[]Users/[]Administrator/[]Documents/[]Git[]Hub/[]N[]E[]S-
[]
 []


Underfull \hbox (badness 10000) in paragraph at lines 31--33
[]\T1/phv/m/n/10 C[]:/[]Users/[]Administrator/[]Documents/[]Git[]Hub/[]N[]E[]S-
[]
 []


Underfull \hbox (badness 10000) in paragraph at lines 33--35
[]\T1/phv/m/n/10 C[]:/[]Users/[]Administrator/[]Documents/[]Git[]Hub/[]N[]E[]S-
[]
 []


Underfull \hbox (badness 10000) in paragraph at lines 35--37
[]\T1/phv/m/n/10 C[]:/[]Users/[]Administrator/[]Documents/[]Git[]Hub/[]N[]E[]S-
[]
 []


Underfull \hbox (badness 10000) in paragraph at lines 37--39
[]\T1/phv/m/n/10 C[]:/[]Users/[]Administrator/[]Documents/[]Git[]Hub/[]N[]E[]S-
[]
 []


Underfull \hbox (badness 10000) in paragraph at lines 39--41
[]\T1/phv/m/n/10 C[]:/[]Users/[]Administrator/[]Documents/[]Git[]Hub/[]N[]E[]S-
[]
 []


Underfull \hbox (badness 10000) in paragraph at lines 41--43
[]\T1/phv/m/n/10 C[]:/[]Users/[]Administrator/[]Documents/[]Git[]Hub/[]N[]E[]S-
[]
 []


Underfull \hbox (badness 10000) in paragraph at lines 43--45
[]\T1/phv/m/n/10 C[]:/[]Users/[]Administrator/[]Documents/[]Git[]Hub/[]N[]E[]S-
[]
 []


Underfull \hbox (badness 10000) in paragraph at lines 45--47
[]\T1/phv/m/n/10 C[]:/[]Users/[]Administrator/[]Documents/[]Git[]Hub/[]N[]E[]S-
[]
 []


Underfull \hbox (badness 10000) in paragraph at lines 47--49
[]\T1/phv/m/n/10 C[]:/[]Users/[]Administrator/[]Documents/[]Git[]Hub/[]N[]E[]S-
[]
 []


Underfull \hbox (badness 10000) in paragraph at lines 49--51
[]\T1/phv/m/n/10 C[]:/[]Users/[]Administrator/[]Documents/[]Git[]Hub/[]N[]E[]S-
[]
 []

[63


] [64] [65] [66] [67] [68

])
Package atveryend Info: Empty hook `BeforeClearDocument' on input line 180.
Package atveryend Info: Empty hook `AfterLastShipout' on input line 180.
 (refman.aux)
Package atveryend Info: Executing hook `AtVeryEndDocument' on input line 180.
Package atveryend Info: Executing hook `AtEndAfterFileList' on input line 180.
Package rerunfilecheck Info: File `refman.out' has not changed.
(rerunfilecheck)             Checksum: 648C0A7D61A1AA51631BB9846E4C139A;50737.
Package atveryend Info: Empty hook `AtVeryVeryEnd' on input line 180.
 ) 
Here is how much of TeX's memory you used:
 16119 strings out of 493334
 253713 string characters out of 3139227
 351171 words of memory out of 3000000
 18713 multiletter control sequences out of 15000+200000
 65646 words of font info for 84 fonts, out of 3000000 for 9000
 1141 hyphenation exceptions out of 8191
 53i,16n,92p,2534b,506s stack positions out of 5000i,500n,10000p,200000b,50000s
{C:/Program Files/MiKTeX 2.9/fonts/enc/dvips/fontname/8r.enc}<C:/Program File
s/MiKTeX 2.9/fonts/type1/public/amsfonts/cm/cmmi10.pfb><C:/Program Files/MiKTeX
 2.9/fonts/type1/public/amsfonts/cm/cmmi7.pfb><C:/Program Files/MiKTeX 2.9/font
s/type1/public/amsfonts/cm/cmmi8.pfb><C:/Program Files/MiKTeX 2.9/fonts/type1/p
ublic/amsfonts/cm/cmsy10.pfb><C:/Program Files/MiKTeX 2.9/fonts/type1/public/am
sfonts/cm/cmsy7.pfb><C:/Program Files/MiKTeX 2.9/fonts/type1/public/amsfonts/cm
/cmsy8.pfb><C:/Program Files/MiKTeX 2.9/fonts/type1/urw/courier/ucrr8a.pfb><C:/
Program Files/MiKTeX 2.9/fonts/type1/urw/courier/ucrro8a.pfb><C:/Program Files/
MiKTeX 2.9/fonts/type1/urw/helvetic/uhvb8a.pfb><C:/Program Files/MiKTeX 2.9/fon
ts/type1/urw/helvetic/uhvb8ac.pfb><C:/Program Files/MiKTeX 2.9/fonts/type1/urw/
helvetic/uhvr8a.pfb><C:/Program Files/MiKTeX 2.9/fonts/type1/urw/helvetic/uhvro
8a.pfb>
Output written on refman.pdf (78 pages, 1304292 bytes).
PDF statistics:
 3135 PDF objects out of 3580 (max. 8388607)
 584 named destinations out of 1000 (max. 500000)
 2204 words of extra memory for PDF output out of 10000 (max. 10000000)

