\BOOKMARK [0][-]{chapter.1}{\376\377\0001\000\040\000R\000E\000A\000D\000M\000E}{}% 1
\BOOKMARK [0][-]{chapter.2}{\376\377\0002\000\040\000D\000a\000t\000a\000\040\000S\000t\000r\000u\000c\000t\000u\000r\000e\000\040\000I\000n\000d\000e\000x}{}% 2
\BOOKMARK [1][-]{section.2.1}{\376\377\0002\000.\0001\000\040\000D\000a\000t\000a\000\040\000S\000t\000r\000u\000c\000t\000u\000r\000e\000s}{chapter.2}% 3
\BOOKMARK [0][-]{chapter.3}{\376\377\0003\000\040\000F\000i\000l\000e\000\040\000I\000n\000d\000e\000x}{}% 4
\BOOKMARK [1][-]{section.3.1}{\376\377\0003\000.\0001\000\040\000F\000i\000l\000e\000\040\000L\000i\000s\000t}{chapter.3}% 5
\BOOKMARK [0][-]{chapter.4}{\376\377\0004\000\040\000D\000a\000t\000a\000\040\000S\000t\000r\000u\000c\000t\000u\000r\000e\000\040\000D\000o\000c\000u\000m\000e\000n\000t\000a\000t\000i\000o\000n}{}% 6
\BOOKMARK [1][-]{section.4.1}{\376\377\0004\000.\0001\000\040\000i\000t\000e\000m\000s\000\137\000s\000t\000r\000u\000c\000t\000\040\000S\000t\000r\000u\000c\000t\000\040\000R\000e\000f\000e\000r\000e\000n\000c\000e}{chapter.4}% 7
\BOOKMARK [2][-]{subsection.4.1.1}{\376\377\0004\000.\0001\000.\0001\000\040\000D\000e\000t\000a\000i\000l\000e\000d\000\040\000D\000e\000s\000c\000r\000i\000p\000t\000i\000o\000n}{section.4.1}% 8
\BOOKMARK [2][-]{subsection.4.1.2}{\376\377\0004\000.\0001\000.\0002\000\040\000F\000i\000e\000l\000d\000\040\000D\000o\000c\000u\000m\000e\000n\000t\000a\000t\000i\000o\000n}{section.4.1}% 9
\BOOKMARK [3][-]{subsubsection.4.1.2.1}{\376\377\0004\000.\0001\000.\0002\000.\0001\000\040\000i\000t\000e\000m\000\137\000c\000o\000l\000l\000i\000s\000i\000o\000n\000\137\000f\000l\000a\000g\000s}{subsection.4.1.2}% 10
\BOOKMARK [3][-]{subsubsection.4.1.2.2}{\376\377\0004\000.\0001\000.\0002\000.\0002\000\040\000i\000t\000e\000m\000\137\000c\000o\000o\000r\000d\000i\000n\000a\000t\000e\000s}{subsection.4.1.2}% 11
\BOOKMARK [3][-]{subsubsection.4.1.2.3}{\376\377\0004\000.\0001\000.\0002\000.\0003\000\040\000i\000t\000e\000m\000\137\000r\000e\000s\000p\000a\000w\000n\000\137\000c\000o\000u\000n\000t}{subsection.4.1.2}% 12
\BOOKMARK [3][-]{subsubsection.4.1.2.4}{\376\377\0004\000.\0001\000.\0002\000.\0004\000\040\000i\000t\000e\000m\000\137\000r\000e\000s\000p\000a\000w\000n\000\137\000f\000r\000m\000\137\000r\000a\000t\000e}{subsection.4.1.2}% 13
\BOOKMARK [1][-]{section.4.2}{\376\377\0004\000.\0002\000\040\000s\000n\000a\000k\000e\000\137\000s\000t\000r\000u\000c\000t\000\040\000S\000t\000r\000u\000c\000t\000\040\000R\000e\000f\000e\000r\000e\000n\000c\000e}{chapter.4}% 14
\BOOKMARK [2][-]{subsection.4.2.1}{\376\377\0004\000.\0002\000.\0001\000\040\000D\000e\000t\000a\000i\000l\000e\000d\000\040\000D\000e\000s\000c\000r\000i\000p\000t\000i\000o\000n}{section.4.2}% 15
\BOOKMARK [2][-]{subsection.4.2.2}{\376\377\0004\000.\0002\000.\0002\000\040\000F\000i\000e\000l\000d\000\040\000D\000o\000c\000u\000m\000e\000n\000t\000a\000t\000i\000o\000n}{section.4.2}% 16
\BOOKMARK [3][-]{subsubsection.4.2.2.1}{\376\377\0004\000.\0002\000.\0002\000.\0001\000\040\000b\000o\000d\000y\000\137\000e\000l\000e\000m\000e\000n\000t\000\137\000c\000o\000o\000r\000d\000i\000n\000a\000t\000e\000s}{subsection.4.2.2}% 17
\BOOKMARK [3][-]{subsubsection.4.2.2.2}{\376\377\0004\000.\0002\000.\0002\000.\0002\000\040\000h\000e\000a\000d\000\137\000s\000p\000r\000i\000t\000e}{subsection.4.2.2}% 18
\BOOKMARK [3][-]{subsubsection.4.2.2.3}{\376\377\0004\000.\0002\000.\0002\000.\0003\000\040\000h\000e\000a\000d\000\137\000s\000p\000r\000i\000t\000e\000\137\000a\000t\000t\000r\000i\000b\000u\000t\000e}{subsection.4.2.2}% 19
\BOOKMARK [3][-]{subsubsection.4.2.2.4}{\376\377\0004\000.\0002\000.\0002\000.\0004\000\040\000h\000e\000a\000d\000\137\000s\000p\000r\000i\000t\000e\000\137\000x}{subsection.4.2.2}% 20
\BOOKMARK [3][-]{subsubsection.4.2.2.5}{\376\377\0004\000.\0002\000.\0002\000.\0005\000\040\000h\000e\000a\000d\000\137\000s\000p\000r\000i\000t\000e\000\137\000y}{subsection.4.2.2}% 21
\BOOKMARK [3][-]{subsubsection.4.2.2.6}{\376\377\0004\000.\0002\000.\0002\000.\0006\000\040\000l\000a\000s\000t\000\137\000b\000o\000d\000y\000\137\000e\000l\000e\000m\000e\000n\000t\000\137\000x}{subsection.4.2.2}% 22
\BOOKMARK [3][-]{subsubsection.4.2.2.7}{\376\377\0004\000.\0002\000.\0002\000.\0007\000\040\000l\000a\000s\000t\000\137\000b\000o\000d\000y\000\137\000e\000l\000e\000m\000e\000n\000t\000\137\000y}{subsection.4.2.2}% 23
\BOOKMARK [3][-]{subsubsection.4.2.2.8}{\376\377\0004\000.\0002\000.\0002\000.\0008\000\040\000m\000o\000v\000i\000n\000g\000\137\000d\000i\000r\000e\000c\000t\000i\000o\000n}{subsection.4.2.2}% 24
\BOOKMARK [3][-]{subsubsection.4.2.2.9}{\376\377\0004\000.\0002\000.\0002\000.\0009\000\040\000s\000i\000z\000e\000\137\000i\000n\000d\000e\000x}{subsection.4.2.2}% 25
\BOOKMARK [3][-]{subsubsection.4.2.2.10}{\376\377\0004\000.\0002\000.\0002\000.\0001\0000\000\040\000s\000p\000e\000e\000d\000\137\000c\000o\000u\000n\000t\000e\000r}{subsection.4.2.2}% 26
\BOOKMARK [0][-]{chapter.5}{\376\377\0005\000\040\000F\000i\000l\000e\000\040\000D\000o\000c\000u\000m\000e\000n\000t\000a\000t\000i\000o\000n}{}% 27
\BOOKMARK [1][-]{section.5.1}{\376\377\0005\000.\0001\000\040\000C\000:\000/\000U\000s\000e\000r\000s\000/\000A\000d\000m\000i\000n\000i\000s\000t\000r\000a\000t\000o\000r\000/\000D\000o\000c\000u\000m\000e\000n\000t\000s\000/\000G\000i\000t\000H\000u\000b\000/\000N\000E\000S\000-\000S\000n\000a\000k\000e\000/\000g\000f\000x\000/\000g\000a\000m\000e\000\137\000o\000v\000e\000r\000\137\000n\000a\000m\000.\000h\000\040\000F\000i\000l\000e\000\040\000R\000e\000f\000e\000r\000e\000n\000c\000e}{chapter.5}% 28
\BOOKMARK [2][-]{subsection.5.1.1}{\376\377\0005\000.\0001\000.\0001\000\040\000D\000e\000t\000a\000i\000l\000e\000d\000\040\000D\000e\000s\000c\000r\000i\000p\000t\000i\000o\000n}{section.5.1}% 29
\BOOKMARK [2][-]{subsection.5.1.2}{\376\377\0005\000.\0001\000.\0002\000\040\000V\000a\000r\000i\000a\000b\000l\000e\000\040\000D\000o\000c\000u\000m\000e\000n\000t\000a\000t\000i\000o\000n}{section.5.1}% 30
\BOOKMARK [3][-]{subsubsection.5.1.2.1}{\376\377\0005\000.\0001\000.\0002\000.\0001\000\040\000g\000a\000m\000e\000\137\000o\000v\000e\000r\000\137\000n\000a\000m}{subsection.5.1.2}% 31
\BOOKMARK [1][-]{section.5.2}{\376\377\0005\000.\0002\000\040\000C\000:\000/\000U\000s\000e\000r\000s\000/\000A\000d\000m\000i\000n\000i\000s\000t\000r\000a\000t\000o\000r\000/\000D\000o\000c\000u\000m\000e\000n\000t\000s\000/\000G\000i\000t\000H\000u\000b\000/\000N\000E\000S\000-\000S\000n\000a\000k\000e\000/\000g\000f\000x\000/\000l\000e\000v\000e\000l\0001\000\137\000n\000a\000m\000.\000h\000\040\000F\000i\000l\000e\000\040\000R\000e\000f\000e\000r\000e\000n\000c\000e}{chapter.5}% 32
\BOOKMARK [2][-]{subsection.5.2.1}{\376\377\0005\000.\0002\000.\0001\000\040\000D\000e\000t\000a\000i\000l\000e\000d\000\040\000D\000e\000s\000c\000r\000i\000p\000t\000i\000o\000n}{section.5.2}% 33
\BOOKMARK [2][-]{subsection.5.2.2}{\376\377\0005\000.\0002\000.\0002\000\040\000V\000a\000r\000i\000a\000b\000l\000e\000\040\000D\000o\000c\000u\000m\000e\000n\000t\000a\000t\000i\000o\000n}{section.5.2}% 34
\BOOKMARK [3][-]{subsubsection.5.2.2.1}{\376\377\0005\000.\0002\000.\0002\000.\0001\000\040\000l\000e\000v\000e\000l\0001\000\137\000n\000a\000m}{subsection.5.2.2}% 35
\BOOKMARK [1][-]{section.5.3}{\376\377\0005\000.\0003\000\040\000C\000:\000/\000U\000s\000e\000r\000s\000/\000A\000d\000m\000i\000n\000i\000s\000t\000r\000a\000t\000o\000r\000/\000D\000o\000c\000u\000m\000e\000n\000t\000s\000/\000G\000i\000t\000H\000u\000b\000/\000N\000E\000S\000-\000S\000n\000a\000k\000e\000/\000g\000f\000x\000/\000l\000e\000v\000e\000l\0002\000\137\000n\000a\000m\000.\000h\000\040\000F\000i\000l\000e\000\040\000R\000e\000f\000e\000r\000e\000n\000c\000e}{chapter.5}% 36
\BOOKMARK [2][-]{subsection.5.3.1}{\376\377\0005\000.\0003\000.\0001\000\040\000D\000e\000t\000a\000i\000l\000e\000d\000\040\000D\000e\000s\000c\000r\000i\000p\000t\000i\000o\000n}{section.5.3}% 37
\BOOKMARK [2][-]{subsection.5.3.2}{\376\377\0005\000.\0003\000.\0002\000\040\000V\000a\000r\000i\000a\000b\000l\000e\000\040\000D\000o\000c\000u\000m\000e\000n\000t\000a\000t\000i\000o\000n}{section.5.3}% 38
\BOOKMARK [3][-]{subsubsection.5.3.2.1}{\376\377\0005\000.\0003\000.\0002\000.\0001\000\040\000l\000e\000v\000e\000l\0002\000\137\000n\000a\000m}{subsection.5.3.2}% 39
\BOOKMARK [1][-]{section.5.4}{\376\377\0005\000.\0004\000\040\000C\000:\000/\000U\000s\000e\000r\000s\000/\000A\000d\000m\000i\000n\000i\000s\000t\000r\000a\000t\000o\000r\000/\000D\000o\000c\000u\000m\000e\000n\000t\000s\000/\000G\000i\000t\000H\000u\000b\000/\000N\000E\000S\000-\000S\000n\000a\000k\000e\000/\000g\000f\000x\000/\000l\000e\000v\000e\000l\000s\000\137\000p\000a\000l\000.\000h\000\040\000F\000i\000l\000e\000\040\000R\000e\000f\000e\000r\000e\000n\000c\000e}{chapter.5}% 40
\BOOKMARK [2][-]{subsection.5.4.1}{\376\377\0005\000.\0004\000.\0001\000\040\000D\000e\000t\000a\000i\000l\000e\000d\000\040\000D\000e\000s\000c\000r\000i\000p\000t\000i\000o\000n}{section.5.4}% 41
\BOOKMARK [2][-]{subsection.5.4.2}{\376\377\0005\000.\0004\000.\0002\000\040\000V\000a\000r\000i\000a\000b\000l\000e\000\040\000D\000o\000c\000u\000m\000e\000n\000t\000a\000t\000i\000o\000n}{section.5.4}% 42
\BOOKMARK [3][-]{subsubsection.5.4.2.1}{\376\377\0005\000.\0004\000.\0002\000.\0001\000\040\000l\000e\000v\000e\000l\000s\000\137\000p\000a\000l}{subsection.5.4.2}% 43
\BOOKMARK [1][-]{section.5.5}{\376\377\0005\000.\0005\000\040\000C\000:\000/\000U\000s\000e\000r\000s\000/\000A\000d\000m\000i\000n\000i\000s\000t\000r\000a\000t\000o\000r\000/\000D\000o\000c\000u\000m\000e\000n\000t\000s\000/\000G\000i\000t\000H\000u\000b\000/\000N\000E\000S\000-\000S\000n\000a\000k\000e\000/\000g\000f\000x\000/\000m\000e\000n\000u\000e\000\137\000p\000a\000l\000.\000h\000\040\000F\000i\000l\000e\000\040\000R\000e\000f\000e\000r\000e\000n\000c\000e}{chapter.5}% 44
\BOOKMARK [2][-]{subsection.5.5.1}{\376\377\0005\000.\0005\000.\0001\000\040\000D\000e\000t\000a\000i\000l\000e\000d\000\040\000D\000e\000s\000c\000r\000i\000p\000t\000i\000o\000n}{section.5.5}% 45
\BOOKMARK [2][-]{subsection.5.5.2}{\376\377\0005\000.\0005\000.\0002\000\040\000V\000a\000r\000i\000a\000b\000l\000e\000\040\000D\000o\000c\000u\000m\000e\000n\000t\000a\000t\000i\000o\000n}{section.5.5}% 46
\BOOKMARK [3][-]{subsubsection.5.5.2.1}{\376\377\0005\000.\0005\000.\0002\000.\0001\000\040\000m\000e\000n\000u\000e\000\137\000p\000a\000l}{subsection.5.5.2}% 47
\BOOKMARK [1][-]{section.5.6}{\376\377\0005\000.\0006\000\040\000C\000:\000/\000U\000s\000e\000r\000s\000/\000A\000d\000m\000i\000n\000i\000s\000t\000r\000a\000t\000o\000r\000/\000D\000o\000c\000u\000m\000e\000n\000t\000s\000/\000G\000i\000t\000H\000u\000b\000/\000N\000E\000S\000-\000S\000n\000a\000k\000e\000/\000g\000f\000x\000/\000s\000p\000r\000i\000t\000e\000s\000\137\000p\000a\000l\000.\000h\000\040\000F\000i\000l\000e\000\040\000R\000e\000f\000e\000r\000e\000n\000c\000e}{chapter.5}% 48
\BOOKMARK [2][-]{subsection.5.6.1}{\376\377\0005\000.\0006\000.\0001\000\040\000D\000e\000t\000a\000i\000l\000e\000d\000\040\000D\000e\000s\000c\000r\000i\000p\000t\000i\000o\000n}{section.5.6}% 49
\BOOKMARK [2][-]{subsection.5.6.2}{\376\377\0005\000.\0006\000.\0002\000\040\000V\000a\000r\000i\000a\000b\000l\000e\000\040\000D\000o\000c\000u\000m\000e\000n\000t\000a\000t\000i\000o\000n}{section.5.6}% 50
\BOOKMARK [3][-]{subsubsection.5.6.2.1}{\376\377\0005\000.\0006\000.\0002\000.\0001\000\040\000s\000p\000r\000i\000t\000e\000s\000\137\000p\000a\000l}{subsection.5.6.2}% 51
\BOOKMARK [1][-]{section.5.7}{\376\377\0005\000.\0007\000\040\000C\000:\000/\000U\000s\000e\000r\000s\000/\000A\000d\000m\000i\000n\000i\000s\000t\000r\000a\000t\000o\000r\000/\000D\000o\000c\000u\000m\000e\000n\000t\000s\000/\000G\000i\000t\000H\000u\000b\000/\000N\000E\000S\000-\000S\000n\000a\000k\000e\000/\000g\000f\000x\000/\000t\000i\000t\000l\000e\000s\000c\000r\000e\000e\000n\000\137\000n\000a\000m\000.\000h\000\040\000F\000i\000l\000e\000\040\000R\000e\000f\000e\000r\000e\000n\000c\000e}{chapter.5}% 52
\BOOKMARK [2][-]{subsection.5.7.1}{\376\377\0005\000.\0007\000.\0001\000\040\000D\000e\000t\000a\000i\000l\000e\000d\000\040\000D\000e\000s\000c\000r\000i\000p\000t\000i\000o\000n}{section.5.7}% 53
\BOOKMARK [2][-]{subsection.5.7.2}{\376\377\0005\000.\0007\000.\0002\000\040\000V\000a\000r\000i\000a\000b\000l\000e\000\040\000D\000o\000c\000u\000m\000e\000n\000t\000a\000t\000i\000o\000n}{section.5.7}% 54
\BOOKMARK [3][-]{subsubsection.5.7.2.1}{\376\377\0005\000.\0007\000.\0002\000.\0001\000\040\000t\000i\000t\000l\000e\000s\000c\000r\000e\000e\000n\000\137\000n\000a\000m}{subsection.5.7.2}% 55
\BOOKMARK [1][-]{section.5.8}{\376\377\0005\000.\0008\000\040\000C\000:\000/\000U\000s\000e\000r\000s\000/\000A\000d\000m\000i\000n\000i\000s\000t\000r\000a\000t\000o\000r\000/\000D\000o\000c\000u\000m\000e\000n\000t\000s\000/\000G\000i\000t\000H\000u\000b\000/\000N\000E\000S\000-\000S\000n\000a\000k\000e\000/\000N\000E\000S\000L\000i\000b\000r\000a\000r\000y\000/\000n\000e\000s\000l\000i\000b\000.\000h\000\040\000F\000i\000l\000e\000\040\000R\000e\000f\000e\000r\000e\000n\000c\000e}{chapter.5}% 56
\BOOKMARK [2][-]{subsection.5.8.1}{\376\377\0005\000.\0008\000.\0001\000\040\000M\000a\000c\000r\000o\000\040\000D\000e\000f\000i\000n\000i\000t\000i\000o\000n\000\040\000D\000o\000c\000u\000m\000e\000n\000t\000a\000t\000i\000o\000n}{section.5.8}% 57
\BOOKMARK [3][-]{subsubsection.5.8.1.1}{\376\377\0005\000.\0008\000.\0001\000.\0001\000\040\000F\000A\000L\000S\000E}{subsection.5.8.1}% 58
\BOOKMARK [3][-]{subsubsection.5.8.1.2}{\376\377\0005\000.\0008\000.\0001\000.\0002\000\040\000M\000A\000S\000K\000\137\000B\000G}{subsection.5.8.1}% 59
\BOOKMARK [3][-]{subsubsection.5.8.1.3}{\376\377\0005\000.\0008\000.\0001\000.\0003\000\040\000M\000A\000S\000K\000\137\000E\000D\000G\000E\000\137\000B\000G}{subsection.5.8.1}% 60
\BOOKMARK [3][-]{subsubsection.5.8.1.4}{\376\377\0005\000.\0008\000.\0001\000.\0004\000\040\000M\000A\000S\000K\000\137\000E\000D\000G\000E\000\137\000S\000P\000R}{subsection.5.8.1}% 61
\BOOKMARK [3][-]{subsubsection.5.8.1.5}{\376\377\0005\000.\0008\000.\0001\000.\0005\000\040\000M\000A\000S\000K\000\137\000S\000P\000R}{subsection.5.8.1}% 62
\BOOKMARK [3][-]{subsubsection.5.8.1.6}{\376\377\0005\000.\0008\000.\0001\000.\0006\000\040\000M\000A\000X}{subsection.5.8.1}% 63
\BOOKMARK [3][-]{subsubsection.5.8.1.7}{\376\377\0005\000.\0008\000.\0001\000.\0007\000\040\000M\000I\000N}{subsection.5.8.1}% 64
\BOOKMARK [3][-]{subsubsection.5.8.1.8}{\376\377\0005\000.\0008\000.\0001\000.\0008\000\040\000M\000S\000B}{subsection.5.8.1}% 65
\BOOKMARK [3][-]{subsubsection.5.8.1.9}{\376\377\0005\000.\0008\000.\0001\000.\0009\000\040\000N\000A\000M\000E\000T\000A\000B\000L\000E\000\137\000A}{subsection.5.8.1}% 66
\BOOKMARK [3][-]{subsubsection.5.8.1.10}{\376\377\0005\000.\0008\000.\0001\000.\0001\0000\000\040\000N\000A\000M\000E\000T\000A\000B\000L\000E\000\137\000B}{subsection.5.8.1}% 67
\BOOKMARK [3][-]{subsubsection.5.8.1.11}{\376\377\0005\000.\0008\000.\0001\000.\0001\0001\000\040\000N\000A\000M\000E\000T\000A\000B\000L\000E\000\137\000C}{subsection.5.8.1}% 68
\BOOKMARK [3][-]{subsubsection.5.8.1.12}{\376\377\0005\000.\0008\000.\0001\000.\0001\0002\000\040\000N\000A\000M\000E\000T\000A\000B\000L\000E\000\137\000D}{subsection.5.8.1}% 69
\BOOKMARK [3][-]{subsubsection.5.8.1.13}{\376\377\0005\000.\0008\000.\0001\000.\0001\0003\000\040\000N\000T\000\137\000U\000P\000D\000\137\000E\000O\000F}{subsection.5.8.1}% 70
\BOOKMARK [3][-]{subsubsection.5.8.1.14}{\376\377\0005\000.\0008\000.\0001\000.\0001\0004\000\040\000N\000T\000\137\000U\000P\000D\000\137\000H\000O\000R\000Z}{subsection.5.8.1}% 71
\BOOKMARK [3][-]{subsubsection.5.8.1.15}{\376\377\0005\000.\0008\000.\0001\000.\0001\0005\000\040\000N\000T\000\137\000U\000P\000D\000\137\000V\000E\000R\000T}{subsection.5.8.1}% 72
\BOOKMARK [3][-]{subsubsection.5.8.1.16}{\376\377\0005\000.\0008\000.\0001\000.\0001\0006\000\040\000N\000T\000A\000D\000R\000\137\000A}{subsection.5.8.1}% 73
\BOOKMARK [3][-]{subsubsection.5.8.1.17}{\376\377\0005\000.\0008\000.\0001\000.\0001\0007\000\040\000N\000T\000A\000D\000R\000\137\000B}{subsection.5.8.1}% 74
\BOOKMARK [3][-]{subsubsection.5.8.1.18}{\376\377\0005\000.\0008\000.\0001\000.\0001\0008\000\040\000N\000T\000A\000D\000R\000\137\000C}{subsection.5.8.1}% 75
\BOOKMARK [3][-]{subsubsection.5.8.1.19}{\376\377\0005\000.\0008\000.\0001\000.\0001\0009\000\040\000N\000T\000A\000D\000R\000\137\000D}{subsection.5.8.1}% 76
\BOOKMARK [3][-]{subsubsection.5.8.1.20}{\376\377\0005\000.\0008\000.\0001\000.\0002\0000\000\040\000N\000U\000L\000L}{subsection.5.8.1}% 77
\BOOKMARK [3][-]{subsubsection.5.8.1.21}{\376\377\0005\000.\0008\000.\0001\000.\0002\0001\000\040\000O\000A\000M\000\137\000B\000E\000H\000I\000N\000D}{subsection.5.8.1}% 78
\BOOKMARK [3][-]{subsubsection.5.8.1.22}{\376\377\0005\000.\0008\000.\0001\000.\0002\0002\000\040\000O\000A\000M\000\137\000F\000L\000I\000P\000\137\000H}{subsection.5.8.1}% 79
\BOOKMARK [3][-]{subsubsection.5.8.1.23}{\376\377\0005\000.\0008\000.\0001\000.\0002\0003\000\040\000O\000A\000M\000\137\000F\000L\000I\000P\000\137\000V}{subsection.5.8.1}% 80
\BOOKMARK [3][-]{subsubsection.5.8.1.24}{\376\377\0005\000.\0008\000.\0001\000.\0002\0004\000\040\000P\000A\000D\000\137\000A}{subsection.5.8.1}% 81
\BOOKMARK [3][-]{subsubsection.5.8.1.25}{\376\377\0005\000.\0008\000.\0001\000.\0002\0005\000\040\000P\000A\000D\000\137\000B}{subsection.5.8.1}% 82
\BOOKMARK [3][-]{subsubsection.5.8.1.26}{\376\377\0005\000.\0008\000.\0001\000.\0002\0006\000\040\000P\000A\000D\000\137\000D\000O\000W\000N}{subsection.5.8.1}% 83
\BOOKMARK [3][-]{subsubsection.5.8.1.27}{\376\377\0005\000.\0008\000.\0001\000.\0002\0007\000\040\000P\000A\000D\000\137\000L\000E\000F\000T}{subsection.5.8.1}% 84
\BOOKMARK [3][-]{subsubsection.5.8.1.28}{\376\377\0005\000.\0008\000.\0001\000.\0002\0008\000\040\000P\000A\000D\000\137\000R\000I\000G\000H\000T}{subsection.5.8.1}% 85
\BOOKMARK [3][-]{subsubsection.5.8.1.29}{\376\377\0005\000.\0008\000.\0001\000.\0002\0009\000\040\000P\000A\000D\000\137\000S\000E\000L\000E\000C\000T}{subsection.5.8.1}% 86
\BOOKMARK [3][-]{subsubsection.5.8.1.30}{\376\377\0005\000.\0008\000.\0001\000.\0003\0000\000\040\000P\000A\000D\000\137\000S\000T\000A\000R\000T}{subsection.5.8.1}% 87
\BOOKMARK [3][-]{subsubsection.5.8.1.31}{\376\377\0005\000.\0008\000.\0001\000.\0003\0001\000\040\000P\000A\000D\000\137\000U\000P}{subsection.5.8.1}% 88
\BOOKMARK [3][-]{subsubsection.5.8.1.32}{\376\377\0005\000.\0008\000.\0001\000.\0003\0002\000\040\000T\000R\000U\000E}{subsection.5.8.1}% 89
\BOOKMARK [2][-]{subsection.5.8.2}{\376\377\0005\000.\0008\000.\0002\000\040\000F\000u\000n\000c\000t\000i\000o\000n\000\040\000D\000o\000c\000u\000m\000e\000n\000t\000a\000t\000i\000o\000n}{section.5.8}% 90
\BOOKMARK [3][-]{subsubsection.5.8.2.1}{\376\377\0005\000.\0008\000.\0002\000.\0001\000\040\000b\000a\000n\000k\000\137\000b\000g\000\050\000\051}{subsection.5.8.2}% 91
\BOOKMARK [3][-]{subsubsection.5.8.2.2}{\376\377\0005\000.\0008\000.\0002\000.\0002\000\040\000b\000a\000n\000k\000\137\000s\000p\000r\000\050\000\051}{subsection.5.8.2}% 92
\BOOKMARK [3][-]{subsubsection.5.8.2.3}{\376\377\0005\000.\0008\000.\0002\000.\0003\000\040\000d\000e\000l\000a\000y\000\050\000\051}{subsection.5.8.2}% 93
\BOOKMARK [3][-]{subsubsection.5.8.2.4}{\376\377\0005\000.\0008\000.\0002\000.\0004\000\040\000f\000l\000u\000s\000h\000\137\000v\000r\000a\000m\000\137\000u\000p\000d\000a\000t\000e\000\050\000\051}{subsection.5.8.2}% 94
\BOOKMARK [3][-]{subsubsection.5.8.2.5}{\376\377\0005\000.\0008\000.\0002\000.\0005\000\040\000m\000e\000m\000c\000p\000y\000\050\000\051}{subsection.5.8.2}% 95
\BOOKMARK [3][-]{subsubsection.5.8.2.6}{\376\377\0005\000.\0008\000.\0002\000.\0006\000\040\000m\000e\000m\000f\000i\000l\000l\000\050\000\051}{subsection.5.8.2}% 96
\BOOKMARK [3][-]{subsubsection.5.8.2.7}{\376\377\0005\000.\0008\000.\0002\000.\0007\000\040\000m\000u\000s\000i\000c\000\137\000p\000a\000u\000s\000e\000\050\000\051}{subsection.5.8.2}% 97
\BOOKMARK [3][-]{subsubsection.5.8.2.8}{\376\377\0005\000.\0008\000.\0002\000.\0008\000\040\000m\000u\000s\000i\000c\000\137\000p\000l\000a\000y\000\050\000\051}{subsection.5.8.2}% 98
\BOOKMARK [3][-]{subsubsection.5.8.2.9}{\376\377\0005\000.\0008\000.\0002\000.\0009\000\040\000m\000u\000s\000i\000c\000\137\000s\000t\000o\000p\000\050\000\051}{subsection.5.8.2}% 99
\BOOKMARK [3][-]{subsubsection.5.8.2.10}{\376\377\0005\000.\0008\000.\0002\000.\0001\0000\000\040\000o\000a\000m\000\137\000c\000l\000e\000a\000r\000\050\000\051}{subsection.5.8.2}% 100
\BOOKMARK [3][-]{subsubsection.5.8.2.11}{\376\377\0005\000.\0008\000.\0002\000.\0001\0001\000\040\000o\000a\000m\000\137\000h\000i\000d\000e\000\137\000r\000e\000s\000t\000\050\000\051}{subsection.5.8.2}% 101
\BOOKMARK [3][-]{subsubsection.5.8.2.12}{\376\377\0005\000.\0008\000.\0002\000.\0001\0002\000\040\000o\000a\000m\000\137\000m\000e\000t\000a\000\137\000s\000p\000r\000\050\000\051}{subsection.5.8.2}% 102
\BOOKMARK [3][-]{subsubsection.5.8.2.13}{\376\377\0005\000.\0008\000.\0002\000.\0001\0003\000\040\000o\000a\000m\000\137\000s\000i\000z\000e\000\050\000\051}{subsection.5.8.2}% 103
\BOOKMARK [3][-]{subsubsection.5.8.2.14}{\376\377\0005\000.\0008\000.\0002\000.\0001\0004\000\040\000o\000a\000m\000\137\000s\000p\000r\000\050\000\051}{subsection.5.8.2}% 104
\BOOKMARK [3][-]{subsubsection.5.8.2.15}{\376\377\0005\000.\0008\000.\0002\000.\0001\0005\000\040\000p\000a\000d\000\137\000p\000o\000l\000l\000\050\000\051}{subsection.5.8.2}% 105
\BOOKMARK [3][-]{subsubsection.5.8.2.16}{\376\377\0005\000.\0008\000.\0002\000.\0001\0006\000\040\000p\000a\000d\000\137\000s\000t\000a\000t\000e\000\050\000\051}{subsection.5.8.2}% 106
\BOOKMARK [3][-]{subsubsection.5.8.2.17}{\376\377\0005\000.\0008\000.\0002\000.\0001\0007\000\040\000p\000a\000d\000\137\000t\000r\000i\000g\000g\000e\000r\000\050\000\051}{subsection.5.8.2}% 107
\BOOKMARK [3][-]{subsubsection.5.8.2.18}{\376\377\0005\000.\0008\000.\0002\000.\0001\0008\000\040\000p\000a\000l\000\137\000a\000l\000l\000\050\000\051}{subsection.5.8.2}% 108
\BOOKMARK [3][-]{subsubsection.5.8.2.19}{\376\377\0005\000.\0008\000.\0002\000.\0001\0009\000\040\000p\000a\000l\000\137\000b\000g\000\050\000\051}{subsection.5.8.2}% 109
\BOOKMARK [3][-]{subsubsection.5.8.2.20}{\376\377\0005\000.\0008\000.\0002\000.\0002\0000\000\040\000p\000a\000l\000\137\000b\000g\000\137\000b\000r\000i\000g\000h\000t\000\050\000\051}{subsection.5.8.2}% 110
\BOOKMARK [3][-]{subsubsection.5.8.2.21}{\376\377\0005\000.\0008\000.\0002\000.\0002\0001\000\040\000p\000a\000l\000\137\000b\000r\000i\000g\000h\000t\000\050\000\051}{subsection.5.8.2}% 111
\BOOKMARK [3][-]{subsubsection.5.8.2.22}{\376\377\0005\000.\0008\000.\0002\000.\0002\0002\000\040\000p\000a\000l\000\137\000c\000l\000e\000a\000r\000\050\000\051}{subsection.5.8.2}% 112
\BOOKMARK [3][-]{subsubsection.5.8.2.23}{\376\377\0005\000.\0008\000.\0002\000.\0002\0003\000\040\000p\000a\000l\000\137\000c\000o\000l\000\050\000\051}{subsection.5.8.2}% 113
\BOOKMARK [3][-]{subsubsection.5.8.2.24}{\376\377\0005\000.\0008\000.\0002\000.\0002\0004\000\040\000p\000a\000l\000\137\000s\000p\000r\000\050\000\051}{subsection.5.8.2}% 114
\BOOKMARK [3][-]{subsubsection.5.8.2.25}{\376\377\0005\000.\0008\000.\0002\000.\0002\0005\000\040\000p\000a\000l\000\137\000s\000p\000r\000\137\000b\000r\000i\000g\000h\000t\000\050\000\051}{subsection.5.8.2}% 115
\BOOKMARK [3][-]{subsubsection.5.8.2.26}{\376\377\0005\000.\0008\000.\0002\000.\0002\0006\000\040\000p\000p\000u\000\137\000m\000a\000s\000k\000\050\000\051}{subsection.5.8.2}% 116
\BOOKMARK [3][-]{subsubsection.5.8.2.27}{\376\377\0005\000.\0008\000.\0002\000.\0002\0007\000\040\000p\000p\000u\000\137\000o\000f\000f\000\050\000\051}{subsection.5.8.2}% 117
\BOOKMARK [3][-]{subsubsection.5.8.2.28}{\376\377\0005\000.\0008\000.\0002\000.\0002\0008\000\040\000p\000p\000u\000\137\000o\000n\000\137\000a\000l\000l\000\050\000\051}{subsection.5.8.2}% 118
\BOOKMARK [3][-]{subsubsection.5.8.2.29}{\376\377\0005\000.\0008\000.\0002\000.\0002\0009\000\040\000p\000p\000u\000\137\000o\000n\000\137\000b\000g\000\050\000\051}{subsection.5.8.2}% 119
\BOOKMARK [3][-]{subsubsection.5.8.2.30}{\376\377\0005\000.\0008\000.\0002\000.\0003\0000\000\040\000p\000p\000u\000\137\000o\000n\000\137\000s\000p\000r\000\050\000\051}{subsection.5.8.2}% 120
\BOOKMARK [3][-]{subsubsection.5.8.2.31}{\376\377\0005\000.\0008\000.\0002\000.\0003\0001\000\040\000p\000p\000u\000\137\000s\000y\000s\000t\000e\000m\000\050\000\051}{subsection.5.8.2}% 121
\BOOKMARK [3][-]{subsubsection.5.8.2.32}{\376\377\0005\000.\0008\000.\0002\000.\0003\0002\000\040\000p\000p\000u\000\137\000w\000a\000i\000t\000\137\000f\000r\000a\000m\000e\000\050\000\051}{subsection.5.8.2}% 122
\BOOKMARK [3][-]{subsubsection.5.8.2.33}{\376\377\0005\000.\0008\000.\0002\000.\0003\0003\000\040\000p\000p\000u\000\137\000w\000a\000i\000t\000\137\000n\000m\000i\000\050\000\051}{subsection.5.8.2}% 123
\BOOKMARK [3][-]{subsubsection.5.8.2.34}{\376\377\0005\000.\0008\000.\0002\000.\0003\0004\000\040\000r\000a\000n\000d\0001\0006\000\050\000\051}{subsection.5.8.2}% 124
\BOOKMARK [3][-]{subsubsection.5.8.2.35}{\376\377\0005\000.\0008\000.\0002\000.\0003\0005\000\040\000r\000a\000n\000d\0008\000\050\000\051}{subsection.5.8.2}% 125
\BOOKMARK [3][-]{subsubsection.5.8.2.36}{\376\377\0005\000.\0008\000.\0002\000.\0003\0006\000\040\000s\000a\000m\000p\000l\000e\000\137\000p\000l\000a\000y\000\050\000\051}{subsection.5.8.2}% 126
\BOOKMARK [3][-]{subsubsection.5.8.2.37}{\376\377\0005\000.\0008\000.\0002\000.\0003\0007\000\040\000s\000c\000r\000o\000l\000l\000\050\000\051}{subsection.5.8.2}% 127
\BOOKMARK [3][-]{subsubsection.5.8.2.38}{\376\377\0005\000.\0008\000.\0002\000.\0003\0008\000\040\000s\000e\000t\000\137\000r\000a\000n\000d\000\050\000\051}{subsection.5.8.2}% 128
\BOOKMARK [3][-]{subsubsection.5.8.2.39}{\376\377\0005\000.\0008\000.\0002\000.\0003\0009\000\040\000s\000e\000t\000\137\000v\000r\000a\000m\000\137\000u\000p\000d\000a\000t\000e\000\050\000\051}{subsection.5.8.2}% 129
\BOOKMARK [3][-]{subsubsection.5.8.2.40}{\376\377\0005\000.\0008\000.\0002\000.\0004\0000\000\040\000s\000f\000x\000\137\000p\000l\000a\000y\000\050\000\051}{subsection.5.8.2}% 130
\BOOKMARK [3][-]{subsubsection.5.8.2.41}{\376\377\0005\000.\0008\000.\0002\000.\0004\0001\000\040\000s\000p\000l\000i\000t\000\050\000\051}{subsection.5.8.2}% 131
\BOOKMARK [3][-]{subsubsection.5.8.2.42}{\376\377\0005\000.\0008\000.\0002\000.\0004\0002\000\040\000v\000r\000a\000m\000\137\000a\000d\000r\000\050\000\051}{subsection.5.8.2}% 132
\BOOKMARK [3][-]{subsubsection.5.8.2.43}{\376\377\0005\000.\0008\000.\0002\000.\0004\0003\000\040\000v\000r\000a\000m\000\137\000f\000i\000l\000l\000\050\000\051}{subsection.5.8.2}% 133
\BOOKMARK [3][-]{subsubsection.5.8.2.44}{\376\377\0005\000.\0008\000.\0002\000.\0004\0004\000\040\000v\000r\000a\000m\000\137\000i\000n\000c\000\050\000\051}{subsection.5.8.2}% 134
\BOOKMARK [3][-]{subsubsection.5.8.2.45}{\376\377\0005\000.\0008\000.\0002\000.\0004\0005\000\040\000v\000r\000a\000m\000\137\000p\000u\000t\000\050\000\051}{subsection.5.8.2}% 135
\BOOKMARK [3][-]{subsubsection.5.8.2.46}{\376\377\0005\000.\0008\000.\0002\000.\0004\0006\000\040\000v\000r\000a\000m\000\137\000r\000e\000a\000d\000\050\000\051}{subsection.5.8.2}% 136
\BOOKMARK [3][-]{subsubsection.5.8.2.47}{\376\377\0005\000.\0008\000.\0002\000.\0004\0007\000\040\000v\000r\000a\000m\000\137\000u\000n\000r\000l\000e\000\050\000\051}{subsection.5.8.2}% 137
\BOOKMARK [3][-]{subsubsection.5.8.2.48}{\376\377\0005\000.\0008\000.\0002\000.\0004\0008\000\040\000v\000r\000a\000m\000\137\000w\000r\000i\000t\000e\000\050\000\051}{subsection.5.8.2}% 138
\BOOKMARK [1][-]{section.5.9}{\376\377\0005\000.\0009\000\040\000C\000:\000/\000U\000s\000e\000r\000s\000/\000A\000d\000m\000i\000n\000i\000s\000t\000r\000a\000t\000o\000r\000/\000D\000o\000c\000u\000m\000e\000n\000t\000s\000/\000G\000i\000t\000H\000u\000b\000/\000N\000E\000S\000-\000S\000n\000a\000k\000e\000/\000R\000E\000A\000D\000M\000E\000.\000m\000d\000\040\000F\000i\000l\000e\000\040\000R\000e\000f\000e\000r\000e\000n\000c\000e}{chapter.5}% 139
\BOOKMARK [1][-]{section.5.10}{\376\377\0005\000.\0001\0000\000\040\000C\000:\000/\000U\000s\000e\000r\000s\000/\000A\000d\000m\000i\000n\000i\000s\000t\000r\000a\000t\000o\000r\000/\000D\000o\000c\000u\000m\000e\000n\000t\000s\000/\000G\000i\000t\000H\000u\000b\000/\000N\000E\000S\000-\000S\000n\000a\000k\000e\000/\000s\000r\000c\000/\000g\000l\000o\000b\000a\000l\000s\000.\000h\000\040\000F\000i\000l\000e\000\040\000R\000e\000f\000e\000r\000e\000n\000c\000e}{chapter.5}% 140
\BOOKMARK [2][-]{subsection.5.10.1}{\376\377\0005\000.\0001\0000\000.\0001\000\040\000D\000e\000t\000a\000i\000l\000e\000d\000\040\000D\000e\000s\000c\000r\000i\000p\000t\000i\000o\000n}{section.5.10}% 141
\BOOKMARK [2][-]{subsection.5.10.2}{\376\377\0005\000.\0001\0000\000.\0002\000\040\000V\000a\000r\000i\000a\000b\000l\000e\000\040\000D\000o\000c\000u\000m\000e\000n\000t\000a\000t\000i\000o\000n}{section.5.10}% 142
\BOOKMARK [3][-]{subsubsection.5.10.2.1}{\376\377\0005\000.\0001\0000\000.\0002\000.\0001\000\040\000c\000o\000o\000r\000d\000\137\000x}{subsection.5.10.2}% 143
\BOOKMARK [3][-]{subsubsection.5.10.2.2}{\376\377\0005\000.\0001\0000\000.\0002\000.\0002\000\040\000c\000o\000o\000r\000d\000\137\000y}{subsection.5.10.2}% 144
\BOOKMARK [3][-]{subsubsection.5.10.2.3}{\376\377\0005\000.\0001\0000\000.\0002\000.\0003\000\040\000c\000u\000r\000r\000e\000n\000t\000\137\000l\000e\000v\000e\000l}{subsection.5.10.2}% 145
\BOOKMARK [3][-]{subsubsection.5.10.2.4}{\376\377\0005\000.\0001\0000\000.\0002\000.\0004\000\040\000g\000a\000m\000e\000o\000v\000e\000r}{subsection.5.10.2}% 146
\BOOKMARK [3][-]{subsubsection.5.10.2.5}{\376\377\0005\000.\0001\0000\000.\0002\000.\0005\000\040\000g\000a\000m\000e\000o\000v\000e\000r\000\137\000l\000o\000o\000p}{subsection.5.10.2}% 147
\BOOKMARK [3][-]{subsubsection.5.10.2.6}{\376\377\0005\000.\0001\0000\000.\0002\000.\0006\000\040\000i}{subsection.5.10.2}% 148
\BOOKMARK [3][-]{subsubsection.5.10.2.7}{\376\377\0005\000.\0001\0000\000.\0002\000.\0007\000\040\000i\000n\000p\000u\000t}{subsection.5.10.2}% 149
\BOOKMARK [3][-]{subsubsection.5.10.2.8}{\376\377\0005\000.\0001\0000\000.\0002\000.\0008\000\040\000i\000t\000e\000m\000s}{subsection.5.10.2}% 150
\BOOKMARK [3][-]{subsubsection.5.10.2.9}{\376\377\0005\000.\0001\0000\000.\0002\000.\0009\000\040\000j}{subsection.5.10.2}% 151
\BOOKMARK [3][-]{subsubsection.5.10.2.10}{\376\377\0005\000.\0001\0000\000.\0002\000.\0001\0000\000\040\000k}{subsection.5.10.2}% 152
\BOOKMARK [3][-]{subsubsection.5.10.2.11}{\376\377\0005\000.\0001\0000\000.\0002\000.\0001\0001\000\040\000l}{subsection.5.10.2}% 153
\BOOKMARK [3][-]{subsubsection.5.10.2.12}{\376\377\0005\000.\0001\0000\000.\0002\000.\0001\0002\000\040\000l\000e\000v\000e\000l\000L\000i\000s\000t}{subsection.5.10.2}% 154
\BOOKMARK [3][-]{subsubsection.5.10.2.13}{\376\377\0005\000.\0001\0000\000.\0002\000.\0001\0003\000\040\000m\000a\000p}{subsection.5.10.2}% 155
\BOOKMARK [3][-]{subsubsection.5.10.2.14}{\376\377\0005\000.\0001\0000\000.\0002\000.\0001\0004\000\040\000m\000a\000x\000\137\000s\000c\000o\000r\000e}{subsection.5.10.2}% 156
\BOOKMARK [3][-]{subsubsection.5.10.2.15}{\376\377\0005\000.\0001\0000\000.\0002\000.\0001\0005\000\040\000n\000a\000m\000e\000R\000o\000w}{subsection.5.10.2}% 157
\BOOKMARK [3][-]{subsubsection.5.10.2.16}{\376\377\0005\000.\0001\0000\000.\0002\000.\0001\0006\000\040\000n\000a\000m\000e\000t\000a\000b\000l\000e\000\137\000f\000e\000t\000c\000h}{subsection.5.10.2}% 158
\BOOKMARK [3][-]{subsubsection.5.10.2.17}{\376\377\0005\000.\0001\0000\000.\0002\000.\0001\0007\000\040\000p\000a\000u\000s\000e}{subsection.5.10.2}% 159
\BOOKMARK [3][-]{subsubsection.5.10.2.18}{\376\377\0005\000.\0001\0000\000.\0002\000.\0001\0008\000\040\000p\000a\000u\000s\000e\000\137\000l\000o\000o\000p}{subsection.5.10.2}% 160
\BOOKMARK [3][-]{subsubsection.5.10.2.19}{\376\377\0005\000.\0001\0000\000.\0002\000.\0001\0009\000\040\000r\000e\000s\000t\000a\000r\000t}{subsection.5.10.2}% 161
\BOOKMARK [3][-]{subsubsection.5.10.2.20}{\376\377\0005\000.\0001\0000\000.\0002\000.\0002\0000\000\040\000s\000n\000a\000k\000e}{subsection.5.10.2}% 162
\BOOKMARK [3][-]{subsubsection.5.10.2.21}{\376\377\0005\000.\0001\0000\000.\0002\000.\0002\0001\000\040\000s\000p\000r\000i\000t\000e\000\137\000o\000f\000f\000s\000e\000t}{subsection.5.10.2}% 163
\BOOKMARK [3][-]{subsubsection.5.10.2.22}{\376\377\0005\000.\0001\0000\000.\0002\000.\0002\0002\000\040\000t\000i\000t\000l\000e\000s\000c\000r\000e\000e\000n}{subsection.5.10.2}% 164
\BOOKMARK [3][-]{subsubsection.5.10.2.23}{\376\377\0005\000.\0001\0000\000.\0002\000.\0002\0003\000\040\000u\000l}{subsection.5.10.2}% 165
\BOOKMARK [3][-]{subsubsection.5.10.2.24}{\376\377\0005\000.\0001\0000\000.\0002\000.\0002\0004\000\040\000u\000p\000d\000a\000t\000e\000\137\000l\000i\000s\000t}{subsection.5.10.2}% 166
\BOOKMARK [1][-]{section.5.11}{\376\377\0005\000.\0001\0001\000\040\000C\000:\000/\000U\000s\000e\000r\000s\000/\000A\000d\000m\000i\000n\000i\000s\000t\000r\000a\000t\000o\000r\000/\000D\000o\000c\000u\000m\000e\000n\000t\000s\000/\000G\000i\000t\000H\000u\000b\000/\000N\000E\000S\000-\000S\000n\000a\000k\000e\000/\000s\000r\000c\000/\000i\000n\000i\000t\000.\000c\000\040\000F\000i\000l\000e\000\040\000R\000e\000f\000e\000r\000e\000n\000c\000e}{chapter.5}% 167
\BOOKMARK [2][-]{subsection.5.11.1}{\376\377\0005\000.\0001\0001\000.\0001\000\040\000D\000e\000t\000a\000i\000l\000e\000d\000\040\000D\000e\000s\000c\000r\000i\000p\000t\000i\000o\000n}{section.5.11}% 168
\BOOKMARK [2][-]{subsection.5.11.2}{\376\377\0005\000.\0001\0001\000.\0002\000\040\000F\000u\000n\000c\000t\000i\000o\000n\000\040\000D\000o\000c\000u\000m\000e\000n\000t\000a\000t\000i\000o\000n}{section.5.11}% 169
\BOOKMARK [3][-]{subsubsection.5.11.2.1}{\376\377\0005\000.\0001\0001\000.\0002\000.\0001\000\040\000c\000a\000l\000c\000\137\000r\000a\000n\000d\000o\000m\000\137\000i\000t\000e\000m\000\137\000p\000o\000s\000i\000t\000i\000o\000n\000\050\000\051}{subsection.5.11.2}% 170
\BOOKMARK [3][-]{subsubsection.5.11.2.2}{\376\377\0005\000.\0001\0001\000.\0002\000.\0002\000\040\000i\000n\000i\000t\000\137\000i\000t\000e\000m\000s\000\050\000\051}{subsection.5.11.2}% 171
\BOOKMARK [3][-]{subsubsection.5.11.2.3}{\376\377\0005\000.\0001\0001\000.\0002\000.\0003\000\040\000i\000n\000i\000t\000\137\000l\000e\000v\000e\000l\000\137\000p\000a\000r\000a\000m\000s\000\050\000\051}{subsection.5.11.2}% 172
\BOOKMARK [3][-]{subsubsection.5.11.2.4}{\376\377\0005\000.\0001\0001\000.\0002\000.\0004\000\040\000l\000o\000a\000d\000\137\000m\000a\000p\000\137\000d\000a\000t\000a\000\137\000i\000n\000t\000o\000\137\000a\000r\000r\000a\000y\000\050\000\051}{subsection.5.11.2}% 173
\BOOKMARK [1][-]{section.5.12}{\376\377\0005\000.\0001\0002\000\040\000C\000:\000/\000U\000s\000e\000r\000s\000/\000A\000d\000m\000i\000n\000i\000s\000t\000r\000a\000t\000o\000r\000/\000D\000o\000c\000u\000m\000e\000n\000t\000s\000/\000G\000i\000t\000H\000u\000b\000/\000N\000E\000S\000-\000S\000n\000a\000k\000e\000/\000s\000r\000c\000/\000i\000n\000p\000u\000t\000.\000c\000\040\000F\000i\000l\000e\000\040\000R\000e\000f\000e\000r\000e\000n\000c\000e}{chapter.5}% 174
\BOOKMARK [2][-]{subsection.5.12.1}{\376\377\0005\000.\0001\0002\000.\0001\000\040\000D\000e\000t\000a\000i\000l\000e\000d\000\040\000D\000e\000s\000c\000r\000i\000p\000t\000i\000o\000n}{section.5.12}% 175
\BOOKMARK [2][-]{subsection.5.12.2}{\376\377\0005\000.\0001\0002\000.\0002\000\040\000F\000u\000n\000c\000t\000i\000o\000n\000\040\000D\000o\000c\000u\000m\000e\000n\000t\000a\000t\000i\000o\000n}{section.5.12}% 176
\BOOKMARK [3][-]{subsubsection.5.12.2.1}{\376\377\0005\000.\0001\0002\000.\0002\000.\0001\000\040\000i\000n\000p\000u\000t\000\137\000b\000t\000n\000\137\000s\000t\000a\000r\000t\000\050\000\051}{subsection.5.12.2}% 177
\BOOKMARK [3][-]{subsubsection.5.12.2.2}{\376\377\0005\000.\0001\0002\000.\0002\000.\0002\000\040\000m\000a\000i\000n\000l\000o\000o\000p\000\137\000h\000a\000n\000d\000l\000e\000\137\000i\000n\000p\000u\000t\000\050\000\051}{subsection.5.12.2}% 178
\BOOKMARK [1][-]{section.5.13}{\376\377\0005\000.\0001\0003\000\040\000C\000:\000/\000U\000s\000e\000r\000s\000/\000A\000d\000m\000i\000n\000i\000s\000t\000r\000a\000t\000o\000r\000/\000D\000o\000c\000u\000m\000e\000n\000t\000s\000/\000G\000i\000t\000H\000u\000b\000/\000N\000E\000S\000-\000S\000n\000a\000k\000e\000/\000s\000r\000c\000/\000m\000a\000c\000r\000o\000s\000.\000h\000\040\000F\000i\000l\000e\000\040\000R\000e\000f\000e\000r\000e\000n\000c\000e}{chapter.5}% 179
\BOOKMARK [2][-]{subsection.5.13.1}{\376\377\0005\000.\0001\0003\000.\0001\000\040\000D\000e\000t\000a\000i\000l\000e\000d\000\040\000D\000e\000s\000c\000r\000i\000p\000t\000i\000o\000n}{section.5.13}% 180
\BOOKMARK [2][-]{subsection.5.13.2}{\376\377\0005\000.\0001\0003\000.\0002\000\040\000M\000a\000c\000r\000o\000\040\000D\000e\000f\000i\000n\000i\000t\000i\000o\000n\000\040\000D\000o\000c\000u\000m\000e\000n\000t\000a\000t\000i\000o\000n}{section.5.13}% 181
\BOOKMARK [3][-]{subsubsection.5.13.2.1}{\376\377\0005\000.\0001\0003\000.\0002\000.\0001\000\040\000D\000I\000G\000I\000T\000\137\000O\000\137\000T\000I\000L\000E}{subsection.5.13.2}% 182
\BOOKMARK [3][-]{subsubsection.5.13.2.2}{\376\377\0005\000.\0001\0003\000.\0002\000.\0002\000\040\000D\000I\000R\000\137\000D\000O\000W\000N}{subsection.5.13.2}% 183
\BOOKMARK [3][-]{subsubsection.5.13.2.3}{\376\377\0005\000.\0001\0003\000.\0002\000.\0003\000\040\000D\000I\000R\000\137\000L\000E\000F\000T}{subsection.5.13.2}% 184
\BOOKMARK [3][-]{subsubsection.5.13.2.4}{\376\377\0005\000.\0001\0003\000.\0002\000.\0004\000\040\000D\000I\000R\000\137\000R\000I\000G\000H\000T}{subsection.5.13.2}% 185
\BOOKMARK [3][-]{subsubsection.5.13.2.5}{\376\377\0005\000.\0001\0003\000.\0002\000.\0005\000\040\000D\000I\000R\000\137\000U\000P}{subsection.5.13.2}% 186
\BOOKMARK [3][-]{subsubsection.5.13.2.6}{\376\377\0005\000.\0001\0003\000.\0002\000.\0006\000\040\000E\000M\000P\000T\000Y\000\137\000T\000I\000L\000E}{subsection.5.13.2}% 187
\BOOKMARK [3][-]{subsubsection.5.13.2.7}{\376\377\0005\000.\0001\0003\000.\0002\000.\0007\000\040\000I\000T\000E\000M\000\137\000M\000A\000X\000\137\000O\000N\000\137\000S\000C\000R\000E\000E\000N}{subsection.5.13.2}% 188
\BOOKMARK [3][-]{subsubsection.5.13.2.8}{\376\377\0005\000.\0001\0003\000.\0002\000.\0008\000\040\000L\000E\000V\000E\000L\000S\000\137\000A\000L\000L}{subsection.5.13.2}% 189
\BOOKMARK [3][-]{subsubsection.5.13.2.9}{\376\377\0005\000.\0001\0003\000.\0002\000.\0009\000\040\000L\000V\000L\0001\000\137\000M\000A\000X\000\137\000S\000C\000O\000R\000E}{subsection.5.13.2}% 190
\BOOKMARK [3][-]{subsubsection.5.13.2.10}{\376\377\0005\000.\0001\0003\000.\0002\000.\0001\0000\000\040\000L\000V\000L\0001\000\137\000S\000T\000A\000R\000T\000\137\000X}{subsection.5.13.2}% 191
\BOOKMARK [3][-]{subsubsection.5.13.2.11}{\376\377\0005\000.\0001\0003\000.\0002\000.\0001\0001\000\040\000L\000V\000L\0001\000\137\000S\000T\000A\000R\000T\000\137\000Y}{subsection.5.13.2}% 192
\BOOKMARK [3][-]{subsubsection.5.13.2.12}{\376\377\0005\000.\0001\0003\000.\0002\000.\0001\0002\000\040\000L\000V\000L\0002\000\137\000M\000A\000X\000\137\000S\000C\000O\000R\000E}{subsection.5.13.2}% 193
\BOOKMARK [3][-]{subsubsection.5.13.2.13}{\376\377\0005\000.\0001\0003\000.\0002\000.\0001\0003\000\040\000L\000V\000L\0002\000\137\000S\000T\000A\000R\000T\000\137\000X}{subsection.5.13.2}% 194
\BOOKMARK [3][-]{subsubsection.5.13.2.14}{\376\377\0005\000.\0001\0003\000.\0002\000.\0001\0004\000\040\000L\000V\000L\0002\000\137\000S\000T\000A\000R\000T\000\137\000Y}{subsection.5.13.2}% 195
\BOOKMARK [3][-]{subsubsection.5.13.2.15}{\376\377\0005\000.\0001\0003\000.\0002\000.\0001\0005\000\040\000M\000A\000P\000\137\000H\000E\000I\000G\000H\000T}{subsection.5.13.2}% 196
\BOOKMARK [3][-]{subsubsection.5.13.2.16}{\376\377\0005\000.\0001\0003\000.\0002\000.\0001\0006\000\040\000M\000A\000P\000\137\000W\000I\000D\000T\000H}{subsection.5.13.2}% 197
\BOOKMARK [3][-]{subsubsection.5.13.2.17}{\376\377\0005\000.\0001\0003\000.\0002\000.\0001\0007\000\040\000M\000A\000P\000A\000R\000R\000A\000Y\000\137\000A\000D\000R}{subsection.5.13.2}% 198
\BOOKMARK [3][-]{subsubsection.5.13.2.18}{\376\377\0005\000.\0001\0003\000.\0002\000.\0001\0008\000\040\000N\000A\000M\000E\000T\000A\000B\000L\000E\0001\000\137\000S\000T\000A\000R\000T}{subsection.5.13.2}% 199
\BOOKMARK [3][-]{subsubsection.5.13.2.19}{\376\377\0005\000.\0001\0003\000.\0002\000.\0001\0009\000\040\000S\000F\000X\000\137\000A\000B\000S\000O\000R\000B\000\137\000I\000T\000E\000M}{subsection.5.13.2}% 200
\BOOKMARK [3][-]{subsubsection.5.13.2.20}{\376\377\0005\000.\0001\0003\000.\0002\000.\0002\0000\000\040\000S\000F\000X\000\137\000C\000R\000A\000S\000H}{subsection.5.13.2}% 201
\BOOKMARK [3][-]{subsubsection.5.13.2.21}{\376\377\0005\000.\0001\0003\000.\0002\000.\0002\0001\000\040\000S\000F\000X\000\137\000N\000E\000X\000T\000\137\000L\000E\000V\000E\000L}{subsection.5.13.2}% 202
\BOOKMARK [3][-]{subsubsection.5.13.2.22}{\376\377\0005\000.\0001\0003\000.\0002\000.\0002\0002\000\040\000S\000F\000X\000\137\000P\000A\000U\000S\000E}{subsection.5.13.2}% 203
\BOOKMARK [3][-]{subsubsection.5.13.2.23}{\376\377\0005\000.\0001\0003\000.\0002\000.\0002\0003\000\040\000S\000N\000A\000K\000E\000\137\000B\000O\000D\000Y\000\137\000T\000I\000L\000E}{subsection.5.13.2}% 204
\BOOKMARK [3][-]{subsubsection.5.13.2.24}{\376\377\0005\000.\0001\0003\000.\0002\000.\0002\0004\000\040\000S\000N\000A\000K\000E\000\137\000H\000E\000A\000D\000\137\000T\000I\000L\000E\000\137\000H\000O\000R\000Z}{subsection.5.13.2}% 205
\BOOKMARK [3][-]{subsubsection.5.13.2.25}{\376\377\0005\000.\0001\0003\000.\0002\000.\0002\0005\000\040\000S\000N\000A\000K\000E\000\137\000H\000E\000A\000D\000\137\000T\000I\000L\000E\000\137\000V\000E\000R\000T}{subsection.5.13.2}% 206
\BOOKMARK [3][-]{subsubsection.5.13.2.26}{\376\377\0005\000.\0001\0003\000.\0002\000.\0002\0006\000\040\000S\000N\000A\000K\000E\000\137\000M\000A\000X\000\137\000S\000I\000Z\000E}{subsection.5.13.2}% 207
\BOOKMARK [3][-]{subsubsection.5.13.2.27}{\376\377\0005\000.\0001\0003\000.\0002\000.\0002\0007\000\040\000S\000P\000I\000D\000E\000R\000\137\000T\000I\000L\000E}{subsection.5.13.2}% 208
\BOOKMARK [3][-]{subsubsection.5.13.2.28}{\376\377\0005\000.\0001\0003\000.\0002\000.\0002\0008\000\040\000W\000A\000L\000L\000\137\000T\000I\000L\000E\000\137\0001}{subsection.5.13.2}% 209
\BOOKMARK [3][-]{subsubsection.5.13.2.29}{\376\377\0005\000.\0001\0003\000.\0002\000.\0002\0009\000\040\000W\000A\000L\000L\000\137\000T\000I\000L\000E\000\137\0002}{subsection.5.13.2}% 210
\BOOKMARK [1][-]{section.5.14}{\376\377\0005\000.\0001\0004\000\040\000C\000:\000/\000U\000s\000e\000r\000s\000/\000A\000d\000m\000i\000n\000i\000s\000t\000r\000a\000t\000o\000r\000/\000D\000o\000c\000u\000m\000e\000n\000t\000s\000/\000G\000i\000t\000H\000u\000b\000/\000N\000E\000S\000-\000S\000n\000a\000k\000e\000/\000s\000r\000c\000/\000r\000e\000n\000d\000e\000r\000.\000c\000\040\000F\000i\000l\000e\000\040\000R\000e\000f\000e\000r\000e\000n\000c\000e}{chapter.5}% 211
\BOOKMARK [2][-]{subsection.5.14.1}{\376\377\0005\000.\0001\0004\000.\0001\000\040\000D\000e\000t\000a\000i\000l\000e\000d\000\040\000D\000e\000s\000c\000r\000i\000p\000t\000i\000o\000n}{section.5.14}% 212
\BOOKMARK [2][-]{subsection.5.14.2}{\376\377\0005\000.\0001\0004\000.\0002\000\040\000F\000u\000n\000c\000t\000i\000o\000n\000\040\000D\000o\000c\000u\000m\000e\000n\000t\000a\000t\000i\000o\000n}{section.5.14}% 213
\BOOKMARK [3][-]{subsubsection.5.14.2.1}{\376\377\0005\000.\0001\0004\000.\0002\000.\0001\000\040\000c\000e\000n\000t\000e\000r\000\137\000s\000c\000o\000r\000e\000\137\000w\000h\000e\000n\000\137\000g\000a\000m\000e\000o\000v\000e\000r\000\050\000\051}{subsection.5.14.2}% 214
\BOOKMARK [3][-]{subsubsection.5.14.2.2}{\376\377\0005\000.\0001\0004\000.\0002\000.\0002\000\040\000d\000r\000a\000w\000\137\000g\000a\000m\000e\000\137\000o\000v\000e\000r\000\137\000s\000c\000r\000e\000e\000n\000\050\000\051}{subsection.5.14.2}% 215
\BOOKMARK [3][-]{subsubsection.5.14.2.3}{\376\377\0005\000.\0001\0004\000.\0002\000.\0003\000\040\000d\000r\000a\000w\000\137\000i\000t\000e\000m\000s\000\050\000\051}{subsection.5.14.2}% 216
\BOOKMARK [3][-]{subsubsection.5.14.2.4}{\376\377\0005\000.\0001\0004\000.\0002\000.\0004\000\040\000d\000r\000a\000w\000\137\000l\000e\000v\000e\000l\000\137\000s\000c\000r\000e\000e\000n\000\050\000\051}{subsection.5.14.2}% 217
\BOOKMARK [3][-]{subsubsection.5.14.2.5}{\376\377\0005\000.\0001\0004\000.\0002\000.\0005\000\040\000d\000r\000a\000w\000\137\000p\000a\000u\000s\000e\000\137\000s\000c\000r\000e\000e\000n\000\050\000\051}{subsection.5.14.2}% 218
\BOOKMARK [3][-]{subsubsection.5.14.2.6}{\376\377\0005\000.\0001\0004\000.\0002\000.\0006\000\040\000d\000r\000a\000w\000\137\000s\000c\000o\000r\000e\000\050\000\051}{subsection.5.14.2}% 219
\BOOKMARK [3][-]{subsubsection.5.14.2.7}{\376\377\0005\000.\0001\0004\000.\0002\000.\0007\000\040\000d\000r\000a\000w\000\137\000s\000n\000a\000k\000e\000\050\000\051}{subsection.5.14.2}% 220
\BOOKMARK [3][-]{subsubsection.5.14.2.8}{\376\377\0005\000.\0001\0004\000.\0002\000.\0008\000\040\000d\000r\000a\000w\000\137\000t\000i\000t\000l\000e\000\137\000s\000c\000r\000e\000e\000n\000\050\000\051}{subsection.5.14.2}% 221
\BOOKMARK [3][-]{subsubsection.5.14.2.9}{\376\377\0005\000.\0001\0004\000.\0002\000.\0009\000\040\000i\000n\000i\000t\000\137\000u\000p\000d\000a\000t\000e\000L\000i\000s\000t\000\050\000\051}{subsection.5.14.2}% 222
\BOOKMARK [3][-]{subsubsection.5.14.2.10}{\376\377\0005\000.\0001\0004\000.\0002\000.\0001\0000\000\040\000m\000a\000i\000n\000l\000o\000o\000p\000\137\000r\000e\000n\000d\000e\000r\000\050\000\051}{subsection.5.14.2}% 223
\BOOKMARK [1][-]{section.5.15}{\376\377\0005\000.\0001\0005\000\040\000C\000:\000/\000U\000s\000e\000r\000s\000/\000A\000d\000m\000i\000n\000i\000s\000t\000r\000a\000t\000o\000r\000/\000D\000o\000c\000u\000m\000e\000n\000t\000s\000/\000G\000i\000t\000H\000u\000b\000/\000N\000E\000S\000-\000S\000n\000a\000k\000e\000/\000s\000r\000c\000/\000s\000n\000a\000k\000e\000.\000c\000\040\000F\000i\000l\000e\000\040\000R\000e\000f\000e\000r\000e\000n\000c\000e}{chapter.5}% 224
\BOOKMARK [2][-]{subsection.5.15.1}{\376\377\0005\000.\0001\0005\000.\0001\000\040\000D\000e\000t\000a\000i\000l\000e\000d\000\040\000D\000e\000s\000c\000r\000i\000p\000t\000i\000o\000n}{section.5.15}% 225
\BOOKMARK [2][-]{subsection.5.15.2}{\376\377\0005\000.\0001\0005\000.\0002\000\040\000F\000u\000n\000c\000t\000i\000o\000n\000\040\000D\000o\000c\000u\000m\000e\000n\000t\000a\000t\000i\000o\000n}{section.5.15}% 226
\BOOKMARK [3][-]{subsubsection.5.15.2.1}{\376\377\0005\000.\0001\0005\000.\0002\000.\0001\000\040\000m\000a\000i\000n\000\050\000\051}{subsection.5.15.2}% 227
\BOOKMARK [1][-]{section.5.16}{\376\377\0005\000.\0001\0006\000\040\000C\000:\000/\000U\000s\000e\000r\000s\000/\000A\000d\000m\000i\000n\000i\000s\000t\000r\000a\000t\000o\000r\000/\000D\000o\000c\000u\000m\000e\000n\000t\000s\000/\000G\000i\000t\000H\000u\000b\000/\000N\000E\000S\000-\000S\000n\000a\000k\000e\000/\000s\000r\000c\000/\000s\000t\000r\000u\000c\000t\000u\000r\000e\000s\000.\000h\000\040\000F\000i\000l\000e\000\040\000R\000e\000f\000e\000r\000e\000n\000c\000e}{chapter.5}% 228
\BOOKMARK [2][-]{subsection.5.16.1}{\376\377\0005\000.\0001\0006\000.\0001\000\040\000D\000e\000t\000a\000i\000l\000e\000d\000\040\000D\000e\000s\000c\000r\000i\000p\000t\000i\000o\000n}{section.5.16}% 229
\BOOKMARK [1][-]{section.5.17}{\376\377\0005\000.\0001\0007\000\040\000C\000:\000/\000U\000s\000e\000r\000s\000/\000A\000d\000m\000i\000n\000i\000s\000t\000r\000a\000t\000o\000r\000/\000D\000o\000c\000u\000m\000e\000n\000t\000s\000/\000G\000i\000t\000H\000u\000b\000/\000N\000E\000S\000-\000S\000n\000a\000k\000e\000/\000s\000r\000c\000/\000u\000p\000d\000a\000t\000e\000.\000c\000\040\000F\000i\000l\000e\000\040\000R\000e\000f\000e\000r\000e\000n\000c\000e}{chapter.5}% 230
\BOOKMARK [2][-]{subsection.5.17.1}{\376\377\0005\000.\0001\0007\000.\0001\000\040\000D\000e\000t\000a\000i\000l\000e\000d\000\040\000D\000e\000s\000c\000r\000i\000p\000t\000i\000o\000n}{section.5.17}% 231
\BOOKMARK [2][-]{subsection.5.17.2}{\376\377\0005\000.\0001\0007\000.\0002\000\040\000F\000u\000n\000c\000t\000i\000o\000n\000\040\000D\000o\000c\000u\000m\000e\000n\000t\000a\000t\000i\000o\000n}{section.5.17}% 232
\BOOKMARK [3][-]{subsubsection.5.17.2.1}{\376\377\0005\000.\0001\0007\000.\0002\000.\0001\000\040\000a\000d\000d\000\137\000s\000n\000a\000k\000e\000\137\000b\000o\000d\000y\000\137\000e\000l\000e\000m\000e\000n\000t\000\050\000\051}{subsection.5.17.2}% 233
\BOOKMARK [3][-]{subsubsection.5.17.2.2}{\376\377\0005\000.\0001\0007\000.\0002\000.\0002\000\040\000c\000h\000e\000c\000k\000\137\000c\000o\000l\000l\000i\000s\000i\000o\000n\000\137\000b\000o\000d\000y\000\050\000\051}{subsection.5.17.2}% 234
\BOOKMARK [3][-]{subsubsection.5.17.2.3}{\376\377\0005\000.\0001\0007\000.\0002\000.\0003\000\040\000c\000h\000e\000c\000k\000\137\000c\000o\000l\000l\000i\000s\000i\000o\000n\000\137\000w\000a\000l\000l\000\050\000\051}{subsection.5.17.2}% 235
\BOOKMARK [3][-]{subsubsection.5.17.2.4}{\376\377\0005\000.\0001\0007\000.\0002\000.\0004\000\040\000c\000h\000e\000c\000k\000\137\000c\000o\000l\000l\000i\000s\000i\000o\000n\000\137\000w\000i\000t\000h\000\137\000i\000t\000e\000m\000s\000\050\000\051}{subsection.5.17.2}% 236
\BOOKMARK [3][-]{subsubsection.5.17.2.5}{\376\377\0005\000.\0001\0007\000.\0002\000.\0005\000\040\000c\000h\000e\000c\000k\000\137\000n\000e\000x\000t\000\137\000l\000e\000v\000e\000l\000\050\000\051}{subsection.5.17.2}% 237
\BOOKMARK [3][-]{subsubsection.5.17.2.6}{\376\377\0005\000.\0001\0007\000.\0002\000.\0006\000\040\000m\000a\000i\000n\000l\000o\000o\000p\000\137\000u\000p\000d\000a\000t\000e\000\050\000\051}{subsection.5.17.2}% 238
\BOOKMARK [3][-]{subsubsection.5.17.2.7}{\376\377\0005\000.\0001\0007\000.\0002\000.\0007\000\040\000r\000e\000s\000p\000a\000w\000n\000\137\000i\000t\000e\000m\000s\000\050\000\051}{subsection.5.17.2}% 239
\BOOKMARK [3][-]{subsubsection.5.17.2.8}{\376\377\0005\000.\0001\0007\000.\0002\000.\0008\000\040\000u\000p\000d\000a\000t\000e\000\137\000s\000n\000a\000k\000e\000\137\000b\000o\000d\000y\000\050\000\051}{subsection.5.17.2}% 240
\BOOKMARK [0][-]{section*.76}{\376\377\000I\000n\000d\000e\000x}{}% 241
